#
# There is insufficient memory for the Java Runtime Environment to continue.
# Native memory allocation (malloc) failed to allocate 32744 bytes for ChunkPool::allocate
# Possible reasons:
#   The system is out of physical RAM or swap space
#   The process is running with CompressedOops enabled, and the Java Heap may be blocking the growth of the native heap
# Possible solutions:
#   Reduce memory load on the system
#   Increase physical memory or swap space
#   Check if swap backing store is full
#   Decrease Java heap size (-Xmx/-Xms)
#   Decrease number of Java threads
#   Decrease Java thread stack sizes (-Xss)
#   Set larger code cache with -XX:ReservedCodeCacheSize=
#   JVM is running with Zero Based Compressed Oops mode in which the Java heap is
#     placed in the first 32GB address space. The Java Heap base address is the
#     maximum limit for the native heap growth. Please use -XX:HeapBaseMinAddress
#     to set the Java Heap base and to place the Java Heap above 32GB virtual address.
# This output file may be truncated or incomplete.
#
#  Out of Memory Error (./src/hotspot/share/memory/arena.cpp:81), pid=13804, tid=17776
#
# JRE version: OpenJDK Runtime Environment (11.0.7+10) (build 11.0.7+10-LTS)
# Java VM: OpenJDK 64-Bit Server VM (11.0.7+10-LTS, mixed mode, tiered, compressed oops, g1 gc, windows-amd64)
# No core dump will be written. Minidumps are not enabled by default on client versions of Windows
#

---------------  S U M M A R Y ------------

Command Line: -agentlib:jdwp=transport=dt_socket,suspend=y,address=localhost:20918 -javaagent:C:\Program Files (x86)\eclipse-java-2021-03-R-win32-x86_64\eclipse\configuration\org.eclipse.osgi\222\0\.cp\lib\javaagent-shaded.jar -Dfile.encoding=UTF-8 com.mimorphism.mangotracko.MangotrackoApplication

Host: Intel(R) Core(TM) i7-4790 CPU @ 3.60GHz, 8 cores, 15G,  Windows 10 , 64 bit Build 19041 (10.0.19041.1566)
Time: Thu Mar 24 01:20:15 2022 Malay Peninsula Standard Time elapsed time: 8 seconds (0d 0h 0m 8s)

---------------  T H R E A D  ---------------

Current thread (0x0000020f4dd51800):  JavaThread "C2 CompilerThread2" daemon [_thread_in_native, id=17776, stack(0x0000002950600000,0x0000002950700000)]


Current CompileTask:
C2:   8481 4769   !   4       org.springframework.core.annotation.AnnotationsScanner::processClassHierarchy (227 bytes)

Stack: [0x0000002950600000,0x0000002950700000]
Native frames: (J=compiled Java code, j=interpreted, Vv=VM code, C=native code)
V  [jvm.dll+0x5dee8a]
V  [jvm.dll+0x71694e]
V  [jvm.dll+0x71801f]
V  [jvm.dll+0x7186e3]
V  [jvm.dll+0x2409b8]
V  [jvm.dll+0xb993b]
V  [jvm.dll+0xb9c9c]
V  [jvm.dll+0x34a725]
V  [jvm.dll+0x344657]
V  [jvm.dll+0x1933bd]
V  [jvm.dll+0x1fa5a2]
V  [jvm.dll+0x1f964f]
V  [jvm.dll+0x17e11c]
V  [jvm.dll+0x208a97]
V  [jvm.dll+0x206c7b]
V  [jvm.dll+0x6db749]
V  [jvm.dll+0x6d49e4]
V  [jvm.dll+0x5dde16]
C  [ucrtbase.dll+0x21bb2]
C  [KERNEL32.DLL+0x17034]
C  [ntdll.dll+0x52651]


---------------  P R O C E S S  ---------------

Threads class SMR info:
_java_thread_list=0x0000020f59caf7d0, length=23, elements={
0x0000020f2794d800, 0x0000020f4d436800, 0x0000020f4dceb000, 0x0000020f4d43e800,
0x0000020f4dd37800, 0x0000020f4dd43000, 0x0000020f4dd50000, 0x0000020f4dd58000,
0x0000020f4dcc0800, 0x0000020f4dd4f800, 0x0000020f4e034000, 0x0000020f4e037000,
0x0000020f4e293800, 0x0000020f4e461000, 0x0000020f4f2f6000, 0x0000020f4f592000,
0x0000020f4dd51800, 0x0000020f4dd55000, 0x0000020f4dd51000, 0x0000020f4dd52800,
0x0000020f4dd53800, 0x0000020f4dd54000, 0x0000020f4dd56000
}

Java Threads: ( => current thread )
  0x0000020f2794d800 JavaThread "main" [_thread_blocked, id=6548, stack(0x000000294ea00000,0x000000294eb00000)]
  0x0000020f4d436800 JavaThread "Reference Handler" daemon [_thread_blocked, id=21012, stack(0x000000294f100000,0x000000294f200000)]
  0x0000020f4dceb000 JavaThread "Finalizer" daemon [_thread_blocked, id=6216, stack(0x000000294f200000,0x000000294f300000)]
  0x0000020f4d43e800 JavaThread "Signal Dispatcher" daemon [_thread_blocked, id=20712, stack(0x000000294f300000,0x000000294f400000)]
  0x0000020f4dd37800 JavaThread "Attach Listener" daemon [_thread_blocked, id=22708, stack(0x000000294f400000,0x000000294f500000)]
  0x0000020f4dd43000 JavaThread "C2 CompilerThread0" daemon [_thread_in_native, id=13212, stack(0x000000294f500000,0x000000294f600000)]
  0x0000020f4dd50000 JavaThread "C1 CompilerThread0" daemon [_thread_in_native, id=17768, stack(0x000000294f600000,0x000000294f700000)]
  0x0000020f4dd58000 JavaThread "Sweeper thread" daemon [_thread_blocked, id=17196, stack(0x000000294f700000,0x000000294f800000)]
  0x0000020f4dcc0800 JavaThread "Common-Cleaner" daemon [_thread_blocked, id=7888, stack(0x000000294f800000,0x000000294f900000)]
  0x0000020f4dd4f800 JavaThread "C2 CompilerThread1" daemon [_thread_in_native, id=8332, stack(0x000000294f900000,0x000000294fa00000)]
  0x0000020f4e034000 JavaThread "JDWP Transport Listener: dt_socket" daemon [_thread_blocked, id=12100, stack(0x000000294fa00000,0x000000294fb00000)]
  0x0000020f4e037000 JavaThread "JDWP Event Helper Thread" daemon [_thread_blocked, id=22396, stack(0x000000294fb00000,0x000000294fc00000)]
  0x0000020f4e293800 JavaThread "JDWP Command Reader" daemon [_thread_in_native, id=6460, stack(0x000000294fc00000,0x000000294fd00000)]
  0x0000020f4e461000 JavaThread "Service Thread" daemon [_thread_blocked, id=15496, stack(0x000000294fd00000,0x000000294fe00000)]
  0x0000020f4f2f6000 JavaThread "Thread-0" [_thread_blocked, id=21764, stack(0x0000002950400000,0x0000002950500000)]
  0x0000020f4f592000 JavaThread "restartedMain" [_thread_in_vm, id=11784, stack(0x0000002950500000,0x0000002950600000)]
=>0x0000020f4dd51800 JavaThread "C2 CompilerThread2" daemon [_thread_in_native, id=17776, stack(0x0000002950600000,0x0000002950700000)]
  0x0000020f4dd55000 JavaThread "Catalina-utility-1" [_thread_blocked, id=3088, stack(0x0000002950700000,0x0000002950800000)]
  0x0000020f4dd51000 JavaThread "Catalina-utility-2" [_thread_blocked, id=4256, stack(0x0000002950b00000,0x0000002950c00000)]
  0x0000020f4dd52800 JavaThread "container-0" [_thread_blocked, id=16104, stack(0x0000002950c00000,0x0000002950d00000)]
  0x0000020f4dd53800 JavaThread "task-1" [_thread_in_vm, id=18560, stack(0x0000002950d00000,0x0000002950e00000)]
  0x0000020f4dd54000 JavaThread "PostgreSQL-JDBC-SharedTimer-1" daemon [_thread_blocked, id=9100, stack(0x0000002950f00000,0x0000002951000000)]
  0x0000020f4dd56000 JavaThread "HikariPool-1 housekeeper" daemon [_thread_blocked, id=23364, stack(0x0000002951000000,0x0000002951100000)]

Other Threads:
  0x0000020f4d434000 VMThread "VM Thread" [stack: 0x000000294f000000,0x000000294f100000] [id=23100]
  0x0000020f4e780800 WatcherThread [stack: 0x000000294fe00000,0x000000294ff00000] [id=19344]
  0x0000020f27965800 GCTaskThread "GC Thread#0" [stack: 0x000000294eb00000,0x000000294ec00000] [id=15964]
  0x0000020f4e80b000 GCTaskThread "GC Thread#1" [stack: 0x000000294ff00000,0x0000002950000000] [id=1392]
  0x0000020f4e812800 GCTaskThread "GC Thread#2" [stack: 0x0000002950000000,0x0000002950100000] [id=15812]
  0x0000020f4f2be800 GCTaskThread "GC Thread#3" [stack: 0x0000002950100000,0x0000002950200000] [id=18392]
  0x0000020f4f2bf000 GCTaskThread "GC Thread#4" [stack: 0x0000002950200000,0x0000002950300000] [id=11716]
  0x0000020f4f108800 GCTaskThread "GC Thread#5" [stack: 0x0000002950300000,0x0000002950400000] [id=18420]
  0x0000020f50c82000 GCTaskThread "GC Thread#6" [stack: 0x0000002950800000,0x0000002950900000] [id=20732]
  0x0000020f4f65f800 GCTaskThread "GC Thread#7" [stack: 0x0000002950900000,0x0000002950a00000] [id=16292]
  0x0000020f279c0000 ConcurrentGCThread "G1 Main Marker" [stack: 0x000000294ec00000,0x000000294ed00000] [id=2928]
  0x0000020f279c3800 ConcurrentGCThread "G1 Conc#0" [stack: 0x000000294ed00000,0x000000294ee00000] [id=22320]
  0x0000020f511a0800 ConcurrentGCThread "G1 Conc#1" [stack: 0x0000002950a00000,0x0000002950b00000] [id=7044]
  0x0000020f4d311800 ConcurrentGCThread "G1 Refine#0" [stack: 0x000000294ee00000,0x000000294ef00000] [id=23356]
  0x0000020f4d313000 ConcurrentGCThread "G1 Young RemSet Sampling" [stack: 0x000000294ef00000,0x000000294f000000] [id=1552]

Threads with active compile tasks:
C2 CompilerThread0   8549 4718       4       org.springframework.core.annotation.TypeMappedAnnotations$MergedAnnotationFinder::doWithAnnotations (75 bytes)
C1 CompilerThread0   8549 5044       3       org.eclipse.jdt.launching.internal.org.objectweb.asm.ClassReader::accept (1404 bytes)
C2 CompilerThread1   8549 3787 %     4       org.eclipse.jdt.launching.internal.org.objectweb.asm.ClassReader::readCode @ 2185 (5109 bytes)
C2 CompilerThread2   8549 4769   !   4       org.springframework.core.annotation.AnnotationsScanner::processClassHierarchy (227 bytes)

VM state:not at safepoint (normal execution)

VM Mutex/Monitor currently owned by a thread: None

Heap address: 0x0000000702200000, size: 4062 MB, Compressed Oops mode: Zero based, Oop shift amount: 3
Narrow klass base: 0x0000000800000000, Narrow klass shift: 0
Compressed class space size: 1073741824 Address: 0x0000000800000000

Heap:
 garbage-first heap   total 312320K, used 26613K [0x0000000702200000, 0x0000000800000000)
  region size 1024K, 18 young (18432K), 14 survivors (14336K)
 Metaspace       used 59020K, capacity 60368K, committed 60496K, reserved 1101824K
  class space    used 7116K, capacity 7646K, committed 7680K, reserved 1048576K
Heap Regions: E=young(eden), S=young(survivor), O=old, HS=humongous(starts), HC=humongous(continues), CS=collection set, F=free, A=archive, TAMS=top-at-mark-start (previous, next)
|   0|0x0000000702200000, 0x0000000702300000, 0x0000000702300000|100%|HS|  |TAMS 0x0000000702300000, 0x0000000702200000| Complete 
|   1|0x0000000702300000, 0x0000000702400000, 0x0000000702400000|100%| O|  |TAMS 0x0000000702400000, 0x0000000702300000| Untracked 
|   2|0x0000000702400000, 0x0000000702500000, 0x0000000702500000|100%| O|  |TAMS 0x0000000702500000, 0x0000000702400000| Untracked 
|   3|0x0000000702500000, 0x0000000702600000, 0x0000000702600000|100%| O|  |TAMS 0x0000000702600000, 0x0000000702500000| Untracked 
|   4|0x0000000702600000, 0x0000000702700000, 0x0000000702700000|100%| O|  |TAMS 0x0000000702700000, 0x0000000702600000| Untracked 
|   5|0x0000000702700000, 0x0000000702800000, 0x0000000702800000|100%| O|  |TAMS 0x0000000702800000, 0x0000000702700000| Untracked 
|   6|0x0000000702800000, 0x0000000702900000, 0x0000000702900000|100%| O|  |TAMS 0x0000000702900000, 0x0000000702800000| Untracked 
|   7|0x0000000702900000, 0x0000000702a00000, 0x0000000702a00000|100%| O|  |TAMS 0x0000000702a00000, 0x0000000702900000| Untracked 
|   8|0x0000000702a00000, 0x0000000702b00000, 0x0000000702b00000|100%| O|  |TAMS 0x0000000702b00000, 0x0000000702a00000| Untracked 
|   9|0x0000000702b00000, 0x0000000702bb5800, 0x0000000702c00000| 70%| O|  |TAMS 0x0000000702bb5800, 0x0000000702b00000| Untracked 
|  10|0x0000000702c00000, 0x0000000702c00000, 0x0000000702d00000|  0%| F|  |TAMS 0x0000000702c00000, 0x0000000702c00000| Untracked 
|  11|0x0000000702d00000, 0x0000000702d00000, 0x0000000702e00000|  0%| F|  |TAMS 0x0000000702d00000, 0x0000000702d00000| Untracked 
|  12|0x0000000702e00000, 0x0000000702e00000, 0x0000000702f00000|  0%| F|  |TAMS 0x0000000702e00000, 0x0000000702e00000| Untracked 
|  13|0x0000000702f00000, 0x0000000702f00000, 0x0000000703000000|  0%| F|  |TAMS 0x0000000702f00000, 0x0000000702f00000| Untracked 
|  14|0x0000000703000000, 0x0000000703000000, 0x0000000703100000|  0%| F|  |TAMS 0x0000000703000000, 0x0000000703000000| Untracked 
|  15|0x0000000703100000, 0x0000000703100000, 0x0000000703200000|  0%| F|  |TAMS 0x0000000703100000, 0x0000000703100000| Untracked 
|  16|0x0000000703200000, 0x0000000703200000, 0x0000000703300000|  0%| F|  |TAMS 0x0000000703200000, 0x0000000703200000| Untracked 
|  17|0x0000000703300000, 0x0000000703300000, 0x0000000703400000|  0%| F|  |TAMS 0x0000000703300000, 0x0000000703300000| Untracked 
|  18|0x0000000703400000, 0x0000000703400000, 0x0000000703500000|  0%| F|  |TAMS 0x0000000703400000, 0x0000000703400000| Untracked 
|  19|0x0000000703500000, 0x0000000703500000, 0x0000000703600000|  0%| F|  |TAMS 0x0000000703500000, 0x0000000703500000| Untracked 
|  20|0x0000000703600000, 0x0000000703600000, 0x0000000703700000|  0%| F|  |TAMS 0x0000000703600000, 0x0000000703600000| Untracked 
|  21|0x0000000703700000, 0x0000000703700000, 0x0000000703800000|  0%| F|  |TAMS 0x0000000703700000, 0x0000000703700000| Untracked 
|  22|0x0000000703800000, 0x0000000703800000, 0x0000000703900000|  0%| F|  |TAMS 0x0000000703800000, 0x0000000703800000| Untracked 
|  23|0x0000000703900000, 0x0000000703900000, 0x0000000703a00000|  0%| F|  |TAMS 0x0000000703900000, 0x0000000703900000| Untracked 
|  24|0x0000000703a00000, 0x0000000703a00000, 0x0000000703b00000|  0%| F|  |TAMS 0x0000000703a00000, 0x0000000703a00000| Untracked 
|  25|0x0000000703b00000, 0x0000000703b00000, 0x0000000703c00000|  0%| F|  |TAMS 0x0000000703b00000, 0x0000000703b00000| Untracked 
|  26|0x0000000703c00000, 0x0000000703c00000, 0x0000000703d00000|  0%| F|  |TAMS 0x0000000703c00000, 0x0000000703c00000| Untracked 
|  27|0x0000000703d00000, 0x0000000703d00000, 0x0000000703e00000|  0%| F|  |TAMS 0x0000000703d00000, 0x0000000703d00000| Untracked 
|  28|0x0000000703e00000, 0x0000000703e00000, 0x0000000703f00000|  0%| F|  |TAMS 0x0000000703e00000, 0x0000000703e00000| Untracked 
|  29|0x0000000703f00000, 0x0000000703f00000, 0x0000000704000000|  0%| F|  |TAMS 0x0000000703f00000, 0x0000000703f00000| Untracked 
|  30|0x0000000704000000, 0x0000000704000000, 0x0000000704100000|  0%| F|  |TAMS 0x0000000704000000, 0x0000000704000000| Untracked 
|  31|0x0000000704100000, 0x0000000704100000, 0x0000000704200000|  0%| F|  |TAMS 0x0000000704100000, 0x0000000704100000| Untracked 
|  32|0x0000000704200000, 0x0000000704200000, 0x0000000704300000|  0%| F|  |TAMS 0x0000000704200000, 0x0000000704200000| Untracked 
|  33|0x0000000704300000, 0x0000000704300000, 0x0000000704400000|  0%| F|  |TAMS 0x0000000704300000, 0x0000000704300000| Untracked 
|  34|0x0000000704400000, 0x0000000704400000, 0x0000000704500000|  0%| F|  |TAMS 0x0000000704400000, 0x0000000704400000| Untracked 
|  35|0x0000000704500000, 0x0000000704500000, 0x0000000704600000|  0%| F|  |TAMS 0x0000000704500000, 0x0000000704500000| Untracked 
|  36|0x0000000704600000, 0x0000000704600000, 0x0000000704700000|  0%| F|  |TAMS 0x0000000704600000, 0x0000000704600000| Untracked 
|  37|0x0000000704700000, 0x0000000704700000, 0x0000000704800000|  0%| F|  |TAMS 0x0000000704700000, 0x0000000704700000| Untracked 
|  38|0x0000000704800000, 0x0000000704800000, 0x0000000704900000|  0%| F|  |TAMS 0x0000000704800000, 0x0000000704800000| Untracked 
|  39|0x0000000704900000, 0x0000000704900000, 0x0000000704a00000|  0%| F|  |TAMS 0x0000000704900000, 0x0000000704900000| Untracked 
|  40|0x0000000704a00000, 0x0000000704a00000, 0x0000000704b00000|  0%| F|  |TAMS 0x0000000704a00000, 0x0000000704a00000| Untracked 
|  41|0x0000000704b00000, 0x0000000704b00000, 0x0000000704c00000|  0%| F|  |TAMS 0x0000000704b00000, 0x0000000704b00000| Untracked 
|  42|0x0000000704c00000, 0x0000000704c00000, 0x0000000704d00000|  0%| F|  |TAMS 0x0000000704c00000, 0x0000000704c00000| Untracked 
|  43|0x0000000704d00000, 0x0000000704d00000, 0x0000000704e00000|  0%| F|  |TAMS 0x0000000704d00000, 0x0000000704d00000| Untracked 
|  44|0x0000000704e00000, 0x0000000704e00000, 0x0000000704f00000|  0%| F|  |TAMS 0x0000000704e00000, 0x0000000704e00000| Untracked 
|  45|0x0000000704f00000, 0x0000000704f00000, 0x0000000705000000|  0%| F|  |TAMS 0x0000000704f00000, 0x0000000704f00000| Untracked 
|  46|0x0000000705000000, 0x0000000705000000, 0x0000000705100000|  0%| F|  |TAMS 0x0000000705000000, 0x0000000705000000| Untracked 
|  47|0x0000000705100000, 0x0000000705100000, 0x0000000705200000|  0%| F|  |TAMS 0x0000000705100000, 0x0000000705100000| Untracked 
|  48|0x0000000705200000, 0x0000000705200000, 0x0000000705300000|  0%| F|  |TAMS 0x0000000705200000, 0x0000000705200000| Untracked 
|  49|0x0000000705300000, 0x0000000705300000, 0x0000000705400000|  0%| F|  |TAMS 0x0000000705300000, 0x0000000705300000| Untracked 
|  50|0x0000000705400000, 0x0000000705400000, 0x0000000705500000|  0%| F|  |TAMS 0x0000000705400000, 0x0000000705400000| Untracked 
|  51|0x0000000705500000, 0x0000000705500000, 0x0000000705600000|  0%| F|  |TAMS 0x0000000705500000, 0x0000000705500000| Untracked 
|  52|0x0000000705600000, 0x0000000705600000, 0x0000000705700000|  0%| F|  |TAMS 0x0000000705600000, 0x0000000705600000| Untracked 
|  53|0x0000000705700000, 0x0000000705700000, 0x0000000705800000|  0%| F|  |TAMS 0x0000000705700000, 0x0000000705700000| Untracked 
|  54|0x0000000705800000, 0x0000000705800000, 0x0000000705900000|  0%| F|  |TAMS 0x0000000705800000, 0x0000000705800000| Untracked 
|  55|0x0000000705900000, 0x0000000705900000, 0x0000000705a00000|  0%| F|  |TAMS 0x0000000705900000, 0x0000000705900000| Untracked 
|  56|0x0000000705a00000, 0x0000000705a00000, 0x0000000705b00000|  0%| F|  |TAMS 0x0000000705a00000, 0x0000000705a00000| Untracked 
|  57|0x0000000705b00000, 0x0000000705b00000, 0x0000000705c00000|  0%| F|  |TAMS 0x0000000705b00000, 0x0000000705b00000| Untracked 
|  58|0x0000000705c00000, 0x0000000705c00000, 0x0000000705d00000|  0%| F|  |TAMS 0x0000000705c00000, 0x0000000705c00000| Untracked 
|  59|0x0000000705d00000, 0x0000000705d00000, 0x0000000705e00000|  0%| F|  |TAMS 0x0000000705d00000, 0x0000000705d00000| Untracked 
|  60|0x0000000705e00000, 0x0000000705e00000, 0x0000000705f00000|  0%| F|  |TAMS 0x0000000705e00000, 0x0000000705e00000| Untracked 
|  61|0x0000000705f00000, 0x0000000705f00000, 0x0000000706000000|  0%| F|  |TAMS 0x0000000705f00000, 0x0000000705f00000| Untracked 
|  62|0x0000000706000000, 0x0000000706000000, 0x0000000706100000|  0%| F|  |TAMS 0x0000000706000000, 0x0000000706000000| Untracked 
|  63|0x0000000706100000, 0x0000000706100000, 0x0000000706200000|  0%| F|  |TAMS 0x0000000706100000, 0x0000000706100000| Untracked 
|  64|0x0000000706200000, 0x0000000706200000, 0x0000000706300000|  0%| F|  |TAMS 0x0000000706200000, 0x0000000706200000| Untracked 
|  65|0x0000000706300000, 0x0000000706300000, 0x0000000706400000|  0%| F|  |TAMS 0x0000000706300000, 0x0000000706300000| Untracked 
|  66|0x0000000706400000, 0x0000000706400000, 0x0000000706500000|  0%| F|  |TAMS 0x0000000706400000, 0x0000000706400000| Untracked 
|  67|0x0000000706500000, 0x0000000706500000, 0x0000000706600000|  0%| F|  |TAMS 0x0000000706500000, 0x0000000706500000| Untracked 
|  68|0x0000000706600000, 0x0000000706600000, 0x0000000706700000|  0%| F|  |TAMS 0x0000000706600000, 0x0000000706600000| Untracked 
|  69|0x0000000706700000, 0x0000000706700000, 0x0000000706800000|  0%| F|  |TAMS 0x0000000706700000, 0x0000000706700000| Untracked 
|  70|0x0000000706800000, 0x0000000706800000, 0x0000000706900000|  0%| F|  |TAMS 0x0000000706800000, 0x0000000706800000| Untracked 
|  71|0x0000000706900000, 0x0000000706900000, 0x0000000706a00000|  0%| F|  |TAMS 0x0000000706900000, 0x0000000706900000| Untracked 
|  72|0x0000000706a00000, 0x0000000706a00000, 0x0000000706b00000|  0%| F|  |TAMS 0x0000000706a00000, 0x0000000706a00000| Untracked 
|  73|0x0000000706b00000, 0x0000000706b00000, 0x0000000706c00000|  0%| F|  |TAMS 0x0000000706b00000, 0x0000000706b00000| Untracked 
|  74|0x0000000706c00000, 0x0000000706c00000, 0x0000000706d00000|  0%| F|  |TAMS 0x0000000706c00000, 0x0000000706c00000| Untracked 
|  75|0x0000000706d00000, 0x0000000706d00000, 0x0000000706e00000|  0%| F|  |TAMS 0x0000000706d00000, 0x0000000706d00000| Untracked 
|  76|0x0000000706e00000, 0x0000000706e00000, 0x0000000706f00000|  0%| F|  |TAMS 0x0000000706e00000, 0x0000000706e00000| Untracked 
|  77|0x0000000706f00000, 0x0000000706f00000, 0x0000000707000000|  0%| F|  |TAMS 0x0000000706f00000, 0x0000000706f00000| Untracked 
|  78|0x0000000707000000, 0x0000000707000000, 0x0000000707100000|  0%| F|  |TAMS 0x0000000707000000, 0x0000000707000000| Untracked 
|  79|0x0000000707100000, 0x0000000707100000, 0x0000000707200000|  0%| F|  |TAMS 0x0000000707100000, 0x0000000707100000| Untracked 
|  80|0x0000000707200000, 0x0000000707200000, 0x0000000707300000|  0%| F|  |TAMS 0x0000000707200000, 0x0000000707200000| Untracked 
|  81|0x0000000707300000, 0x0000000707300000, 0x0000000707400000|  0%| F|  |TAMS 0x0000000707300000, 0x0000000707300000| Untracked 
|  82|0x0000000707400000, 0x0000000707400000, 0x0000000707500000|  0%| F|  |TAMS 0x0000000707400000, 0x0000000707400000| Untracked 
|  83|0x0000000707500000, 0x0000000707500000, 0x0000000707600000|  0%| F|  |TAMS 0x0000000707500000, 0x0000000707500000| Untracked 
|  84|0x0000000707600000, 0x0000000707600000, 0x0000000707700000|  0%| F|  |TAMS 0x0000000707600000, 0x0000000707600000| Untracked 
|  85|0x0000000707700000, 0x0000000707700000, 0x0000000707800000|  0%| F|  |TAMS 0x0000000707700000, 0x0000000707700000| Untracked 
|  86|0x0000000707800000, 0x0000000707800000, 0x0000000707900000|  0%| F|  |TAMS 0x0000000707800000, 0x0000000707800000| Untracked 
|  87|0x0000000707900000, 0x0000000707900000, 0x0000000707a00000|  0%| F|  |TAMS 0x0000000707900000, 0x0000000707900000| Untracked 
|  88|0x0000000707a00000, 0x0000000707a00000, 0x0000000707b00000|  0%| F|  |TAMS 0x0000000707a00000, 0x0000000707a00000| Untracked 
|  89|0x0000000707b00000, 0x0000000707b00000, 0x0000000707c00000|  0%| F|  |TAMS 0x0000000707b00000, 0x0000000707b00000| Untracked 
|  90|0x0000000707c00000, 0x0000000707c00000, 0x0000000707d00000|  0%| F|  |TAMS 0x0000000707c00000, 0x0000000707c00000| Untracked 
|  91|0x0000000707d00000, 0x0000000707d00000, 0x0000000707e00000|  0%| F|  |TAMS 0x0000000707d00000, 0x0000000707d00000| Untracked 
|  92|0x0000000707e00000, 0x0000000707e00000, 0x0000000707f00000|  0%| F|  |TAMS 0x0000000707e00000, 0x0000000707e00000| Untracked 
|  93|0x0000000707f00000, 0x0000000707f00000, 0x0000000708000000|  0%| F|  |TAMS 0x0000000707f00000, 0x0000000707f00000| Untracked 
|  94|0x0000000708000000, 0x0000000708000000, 0x0000000708100000|  0%| F|  |TAMS 0x0000000708000000, 0x0000000708000000| Untracked 
|  95|0x0000000708100000, 0x0000000708100000, 0x0000000708200000|  0%| F|  |TAMS 0x0000000708100000, 0x0000000708100000| Untracked 
|  96|0x0000000708200000, 0x0000000708200000, 0x0000000708300000|  0%| F|  |TAMS 0x0000000708200000, 0x0000000708200000| Untracked 
|  97|0x0000000708300000, 0x0000000708300000, 0x0000000708400000|  0%| F|  |TAMS 0x0000000708300000, 0x0000000708300000| Untracked 
|  98|0x0000000708400000, 0x0000000708400000, 0x0000000708500000|  0%| F|  |TAMS 0x0000000708400000, 0x0000000708400000| Untracked 
|  99|0x0000000708500000, 0x0000000708500000, 0x0000000708600000|  0%| F|  |TAMS 0x0000000708500000, 0x0000000708500000| Untracked 
| 100|0x0000000708600000, 0x0000000708600000, 0x0000000708700000|  0%| F|  |TAMS 0x0000000708600000, 0x0000000708600000| Untracked 
| 101|0x0000000708700000, 0x0000000708700000, 0x0000000708800000|  0%| F|  |TAMS 0x0000000708700000, 0x0000000708700000| Untracked 
| 102|0x0000000708800000, 0x0000000708800000, 0x0000000708900000|  0%| F|  |TAMS 0x0000000708800000, 0x0000000708800000| Untracked 
| 103|0x0000000708900000, 0x0000000708900000, 0x0000000708a00000|  0%| F|  |TAMS 0x0000000708900000, 0x0000000708900000| Untracked 
| 104|0x0000000708a00000, 0x0000000708a00000, 0x0000000708b00000|  0%| F|  |TAMS 0x0000000708a00000, 0x0000000708a00000| Untracked 
| 105|0x0000000708b00000, 0x0000000708b00000, 0x0000000708c00000|  0%| F|  |TAMS 0x0000000708b00000, 0x0000000708b00000| Untracked 
| 106|0x0000000708c00000, 0x0000000708c00000, 0x0000000708d00000|  0%| F|  |TAMS 0x0000000708c00000, 0x0000000708c00000| Untracked 
| 107|0x0000000708d00000, 0x0000000708d00000, 0x0000000708e00000|  0%| F|  |TAMS 0x0000000708d00000, 0x0000000708d00000| Untracked 
| 108|0x0000000708e00000, 0x0000000708e00000, 0x0000000708f00000|  0%| F|  |TAMS 0x0000000708e00000, 0x0000000708e00000| Untracked 
| 109|0x0000000708f00000, 0x0000000708f00000, 0x0000000709000000|  0%| F|  |TAMS 0x0000000708f00000, 0x0000000708f00000| Untracked 
| 110|0x0000000709000000, 0x0000000709000000, 0x0000000709100000|  0%| F|  |TAMS 0x0000000709000000, 0x0000000709000000| Untracked 
| 111|0x0000000709100000, 0x0000000709100000, 0x0000000709200000|  0%| F|  |TAMS 0x0000000709100000, 0x0000000709100000| Untracked 
| 112|0x0000000709200000, 0x0000000709200000, 0x0000000709300000|  0%| F|  |TAMS 0x0000000709200000, 0x0000000709200000| Untracked 
| 113|0x0000000709300000, 0x0000000709300000, 0x0000000709400000|  0%| F|  |TAMS 0x0000000709300000, 0x0000000709300000| Untracked 
| 114|0x0000000709400000, 0x0000000709400000, 0x0000000709500000|  0%| F|  |TAMS 0x0000000709400000, 0x0000000709400000| Untracked 
| 115|0x0000000709500000, 0x0000000709500000, 0x0000000709600000|  0%| F|  |TAMS 0x0000000709500000, 0x0000000709500000| Untracked 
| 116|0x0000000709600000, 0x0000000709600000, 0x0000000709700000|  0%| F|  |TAMS 0x0000000709600000, 0x0000000709600000| Untracked 
| 117|0x0000000709700000, 0x0000000709700000, 0x0000000709800000|  0%| F|  |TAMS 0x0000000709700000, 0x0000000709700000| Untracked 
| 118|0x0000000709800000, 0x0000000709800000, 0x0000000709900000|  0%| F|  |TAMS 0x0000000709800000, 0x0000000709800000| Untracked 
| 119|0x0000000709900000, 0x0000000709900000, 0x0000000709a00000|  0%| F|  |TAMS 0x0000000709900000, 0x0000000709900000| Untracked 
| 120|0x0000000709a00000, 0x0000000709a00000, 0x0000000709b00000|  0%| F|  |TAMS 0x0000000709a00000, 0x0000000709a00000| Untracked 
| 121|0x0000000709b00000, 0x0000000709b00000, 0x0000000709c00000|  0%| F|  |TAMS 0x0000000709b00000, 0x0000000709b00000| Untracked 
| 122|0x0000000709c00000, 0x0000000709c00000, 0x0000000709d00000|  0%| F|  |TAMS 0x0000000709c00000, 0x0000000709c00000| Untracked 
| 123|0x0000000709d00000, 0x0000000709d00000, 0x0000000709e00000|  0%| F|  |TAMS 0x0000000709d00000, 0x0000000709d00000| Untracked 
| 124|0x0000000709e00000, 0x0000000709e00000, 0x0000000709f00000|  0%| F|  |TAMS 0x0000000709e00000, 0x0000000709e00000| Untracked 
| 125|0x0000000709f00000, 0x0000000709f00000, 0x000000070a000000|  0%| F|  |TAMS 0x0000000709f00000, 0x0000000709f00000| Untracked 
| 126|0x000000070a000000, 0x000000070a000000, 0x000000070a100000|  0%| F|  |TAMS 0x000000070a000000, 0x000000070a000000| Untracked 
| 127|0x000000070a100000, 0x000000070a100000, 0x000000070a200000|  0%| F|  |TAMS 0x000000070a100000, 0x000000070a100000| Untracked 
| 128|0x000000070a200000, 0x000000070a200000, 0x000000070a300000|  0%| F|  |TAMS 0x000000070a200000, 0x000000070a200000| Untracked 
| 129|0x000000070a300000, 0x000000070a300000, 0x000000070a400000|  0%| F|  |TAMS 0x000000070a300000, 0x000000070a300000| Untracked 
| 130|0x000000070a400000, 0x000000070a400000, 0x000000070a500000|  0%| F|  |TAMS 0x000000070a400000, 0x000000070a400000| Untracked 
| 131|0x000000070a500000, 0x000000070a500000, 0x000000070a600000|  0%| F|  |TAMS 0x000000070a500000, 0x000000070a500000| Untracked 
| 132|0x000000070a600000, 0x000000070a600000, 0x000000070a700000|  0%| F|  |TAMS 0x000000070a600000, 0x000000070a600000| Untracked 
| 133|0x000000070a700000, 0x000000070a700000, 0x000000070a800000|  0%| F|  |TAMS 0x000000070a700000, 0x000000070a700000| Untracked 
| 134|0x000000070a800000, 0x000000070a800000, 0x000000070a900000|  0%| F|  |TAMS 0x000000070a800000, 0x000000070a800000| Untracked 
| 135|0x000000070a900000, 0x000000070a900000, 0x000000070aa00000|  0%| F|  |TAMS 0x000000070a900000, 0x000000070a900000| Untracked 
| 136|0x000000070aa00000, 0x000000070aa00000, 0x000000070ab00000|  0%| F|  |TAMS 0x000000070aa00000, 0x000000070aa00000| Untracked 
| 137|0x000000070ab00000, 0x000000070ab00000, 0x000000070ac00000|  0%| F|  |TAMS 0x000000070ab00000, 0x000000070ab00000| Untracked 
| 138|0x000000070ac00000, 0x000000070ac00000, 0x000000070ad00000|  0%| F|  |TAMS 0x000000070ac00000, 0x000000070ac00000| Untracked 
| 139|0x000000070ad00000, 0x000000070ad00000, 0x000000070ae00000|  0%| F|  |TAMS 0x000000070ad00000, 0x000000070ad00000| Untracked 
| 140|0x000000070ae00000, 0x000000070ae00000, 0x000000070af00000|  0%| F|  |TAMS 0x000000070ae00000, 0x000000070ae00000| Untracked 
| 141|0x000000070af00000, 0x000000070af00000, 0x000000070b000000|  0%| F|  |TAMS 0x000000070af00000, 0x000000070af00000| Untracked 
| 142|0x000000070b000000, 0x000000070b000000, 0x000000070b100000|  0%| F|  |TAMS 0x000000070b000000, 0x000000070b000000| Untracked 
| 143|0x000000070b100000, 0x000000070b100000, 0x000000070b200000|  0%| F|  |TAMS 0x000000070b100000, 0x000000070b100000| Untracked 
| 144|0x000000070b200000, 0x000000070b200000, 0x000000070b300000|  0%| F|  |TAMS 0x000000070b200000, 0x000000070b200000| Untracked 
| 145|0x000000070b300000, 0x000000070b300000, 0x000000070b400000|  0%| F|  |TAMS 0x000000070b300000, 0x000000070b300000| Untracked 
| 146|0x000000070b400000, 0x000000070b400000, 0x000000070b500000|  0%| F|  |TAMS 0x000000070b400000, 0x000000070b400000| Untracked 
| 147|0x000000070b500000, 0x000000070b500000, 0x000000070b600000|  0%| F|  |TAMS 0x000000070b500000, 0x000000070b500000| Untracked 
| 148|0x000000070b600000, 0x000000070b600000, 0x000000070b700000|  0%| F|  |TAMS 0x000000070b600000, 0x000000070b600000| Untracked 
| 149|0x000000070b700000, 0x000000070b700000, 0x000000070b800000|  0%| F|  |TAMS 0x000000070b700000, 0x000000070b700000| Untracked 
| 150|0x000000070b800000, 0x000000070b800000, 0x000000070b900000|  0%| F|  |TAMS 0x000000070b800000, 0x000000070b800000| Untracked 
| 151|0x000000070b900000, 0x000000070b900000, 0x000000070ba00000|  0%| F|  |TAMS 0x000000070b900000, 0x000000070b900000| Untracked 
| 152|0x000000070ba00000, 0x000000070ba00000, 0x000000070bb00000|  0%| F|  |TAMS 0x000000070ba00000, 0x000000070ba00000| Untracked 
| 153|0x000000070bb00000, 0x000000070bb00000, 0x000000070bc00000|  0%| F|  |TAMS 0x000000070bb00000, 0x000000070bb00000| Untracked 
| 154|0x000000070bc00000, 0x000000070bc00000, 0x000000070bd00000|  0%| F|  |TAMS 0x000000070bc00000, 0x000000070bc00000| Untracked 
| 155|0x000000070bd00000, 0x000000070bd00000, 0x000000070be00000|  0%| F|  |TAMS 0x000000070bd00000, 0x000000070bd00000| Untracked 
| 156|0x000000070be00000, 0x000000070be00000, 0x000000070bf00000|  0%| F|  |TAMS 0x000000070be00000, 0x000000070be00000| Untracked 
| 157|0x000000070bf00000, 0x000000070bf00000, 0x000000070c000000|  0%| F|  |TAMS 0x000000070bf00000, 0x000000070bf00000| Untracked 
| 158|0x000000070c000000, 0x000000070c000000, 0x000000070c100000|  0%| F|  |TAMS 0x000000070c000000, 0x000000070c000000| Untracked 
| 159|0x000000070c100000, 0x000000070c100000, 0x000000070c200000|  0%| F|  |TAMS 0x000000070c100000, 0x000000070c100000| Untracked 
| 160|0x000000070c200000, 0x000000070c200000, 0x000000070c300000|  0%| F|  |TAMS 0x000000070c200000, 0x000000070c200000| Untracked 
| 161|0x000000070c300000, 0x000000070c300000, 0x000000070c400000|  0%| F|  |TAMS 0x000000070c300000, 0x000000070c300000| Untracked 
| 162|0x000000070c400000, 0x000000070c400000, 0x000000070c500000|  0%| F|  |TAMS 0x000000070c400000, 0x000000070c400000| Untracked 
| 163|0x000000070c500000, 0x000000070c500000, 0x000000070c600000|  0%| F|  |TAMS 0x000000070c500000, 0x000000070c500000| Untracked 
| 164|0x000000070c600000, 0x000000070c600000, 0x000000070c700000|  0%| F|  |TAMS 0x000000070c600000, 0x000000070c600000| Untracked 
| 165|0x000000070c700000, 0x000000070c700000, 0x000000070c800000|  0%| F|  |TAMS 0x000000070c700000, 0x000000070c700000| Untracked 
| 166|0x000000070c800000, 0x000000070c800000, 0x000000070c900000|  0%| F|  |TAMS 0x000000070c800000, 0x000000070c800000| Untracked 
| 167|0x000000070c900000, 0x000000070c900000, 0x000000070ca00000|  0%| F|  |TAMS 0x000000070c900000, 0x000000070c900000| Untracked 
| 168|0x000000070ca00000, 0x000000070ca00000, 0x000000070cb00000|  0%| F|  |TAMS 0x000000070ca00000, 0x000000070ca00000| Untracked 
| 169|0x000000070cb00000, 0x000000070cb00000, 0x000000070cc00000|  0%| F|  |TAMS 0x000000070cb00000, 0x000000070cb00000| Untracked 
| 170|0x000000070cc00000, 0x000000070cc00000, 0x000000070cd00000|  0%| F|  |TAMS 0x000000070cc00000, 0x000000070cc00000| Untracked 
| 171|0x000000070cd00000, 0x000000070cd00000, 0x000000070ce00000|  0%| F|  |TAMS 0x000000070cd00000, 0x000000070cd00000| Untracked 
| 172|0x000000070ce00000, 0x000000070ce00000, 0x000000070cf00000|  0%| F|  |TAMS 0x000000070ce00000, 0x000000070ce00000| Untracked 
| 173|0x000000070cf00000, 0x000000070cf00000, 0x000000070d000000|  0%| F|  |TAMS 0x000000070cf00000, 0x000000070cf00000| Untracked 
| 174|0x000000070d000000, 0x000000070d000000, 0x000000070d100000|  0%| F|  |TAMS 0x000000070d000000, 0x000000070d000000| Untracked 
| 175|0x000000070d100000, 0x000000070d100000, 0x000000070d200000|  0%| F|  |TAMS 0x000000070d100000, 0x000000070d100000| Untracked 
| 176|0x000000070d200000, 0x000000070d200000, 0x000000070d300000|  0%| F|  |TAMS 0x000000070d200000, 0x000000070d200000| Untracked 
| 177|0x000000070d300000, 0x000000070d300000, 0x000000070d400000|  0%| F|  |TAMS 0x000000070d300000, 0x000000070d300000| Untracked 
| 178|0x000000070d400000, 0x000000070d400000, 0x000000070d500000|  0%| F|  |TAMS 0x000000070d400000, 0x000000070d400000| Untracked 
| 179|0x000000070d500000, 0x000000070d500000, 0x000000070d600000|  0%| F|  |TAMS 0x000000070d500000, 0x000000070d500000| Untracked 
| 180|0x000000070d600000, 0x000000070d600000, 0x000000070d700000|  0%| F|  |TAMS 0x000000070d600000, 0x000000070d600000| Untracked 
| 181|0x000000070d700000, 0x000000070d700000, 0x000000070d800000|  0%| F|  |TAMS 0x000000070d700000, 0x000000070d700000| Untracked 
| 182|0x000000070d800000, 0x000000070d800000, 0x000000070d900000|  0%| F|  |TAMS 0x000000070d800000, 0x000000070d800000| Untracked 
| 183|0x000000070d900000, 0x000000070d900000, 0x000000070da00000|  0%| F|  |TAMS 0x000000070d900000, 0x000000070d900000| Untracked 
| 184|0x000000070da00000, 0x000000070da00000, 0x000000070db00000|  0%| F|  |TAMS 0x000000070da00000, 0x000000070da00000| Untracked 
| 185|0x000000070db00000, 0x000000070db00000, 0x000000070dc00000|  0%| F|  |TAMS 0x000000070db00000, 0x000000070db00000| Untracked 
| 186|0x000000070dc00000, 0x000000070dc00000, 0x000000070dd00000|  0%| F|  |TAMS 0x000000070dc00000, 0x000000070dc00000| Untracked 
| 187|0x000000070dd00000, 0x000000070dd00000, 0x000000070de00000|  0%| F|  |TAMS 0x000000070dd00000, 0x000000070dd00000| Untracked 
| 188|0x000000070de00000, 0x000000070de00000, 0x000000070df00000|  0%| F|  |TAMS 0x000000070de00000, 0x000000070de00000| Untracked 
| 189|0x000000070df00000, 0x000000070df00000, 0x000000070e000000|  0%| F|  |TAMS 0x000000070df00000, 0x000000070df00000| Untracked 
| 190|0x000000070e000000, 0x000000070e000000, 0x000000070e100000|  0%| F|  |TAMS 0x000000070e000000, 0x000000070e000000| Untracked 
| 191|0x000000070e100000, 0x000000070e100000, 0x000000070e200000|  0%| F|  |TAMS 0x000000070e100000, 0x000000070e100000| Untracked 
| 192|0x000000070e200000, 0x000000070e200000, 0x000000070e300000|  0%| F|  |TAMS 0x000000070e200000, 0x000000070e200000| Untracked 
| 193|0x000000070e300000, 0x000000070e300000, 0x000000070e400000|  0%| F|  |TAMS 0x000000070e300000, 0x000000070e300000| Untracked 
| 194|0x000000070e400000, 0x000000070e400000, 0x000000070e500000|  0%| F|  |TAMS 0x000000070e400000, 0x000000070e400000| Untracked 
| 195|0x000000070e500000, 0x000000070e500000, 0x000000070e600000|  0%| F|  |TAMS 0x000000070e500000, 0x000000070e500000| Untracked 
| 196|0x000000070e600000, 0x000000070e600000, 0x000000070e700000|  0%| F|  |TAMS 0x000000070e600000, 0x000000070e600000| Untracked 
| 197|0x000000070e700000, 0x000000070e700000, 0x000000070e800000|  0%| F|  |TAMS 0x000000070e700000, 0x000000070e700000| Untracked 
| 198|0x000000070e800000, 0x000000070e800000, 0x000000070e900000|  0%| F|  |TAMS 0x000000070e800000, 0x000000070e800000| Untracked 
| 199|0x000000070e900000, 0x000000070e900000, 0x000000070ea00000|  0%| F|  |TAMS 0x000000070e900000, 0x000000070e900000| Untracked 
| 200|0x000000070ea00000, 0x000000070ea00000, 0x000000070eb00000|  0%| F|  |TAMS 0x000000070ea00000, 0x000000070ea00000| Untracked 
| 201|0x000000070eb00000, 0x000000070eb00000, 0x000000070ec00000|  0%| F|  |TAMS 0x000000070eb00000, 0x000000070eb00000| Untracked 
| 202|0x000000070ec00000, 0x000000070ec00000, 0x000000070ed00000|  0%| F|  |TAMS 0x000000070ec00000, 0x000000070ec00000| Untracked 
| 203|0x000000070ed00000, 0x000000070ed00000, 0x000000070ee00000|  0%| F|  |TAMS 0x000000070ed00000, 0x000000070ed00000| Untracked 
| 204|0x000000070ee00000, 0x000000070ee00000, 0x000000070ef00000|  0%| F|  |TAMS 0x000000070ee00000, 0x000000070ee00000| Untracked 
| 205|0x000000070ef00000, 0x000000070ef00000, 0x000000070f000000|  0%| F|  |TAMS 0x000000070ef00000, 0x000000070ef00000| Untracked 
| 206|0x000000070f000000, 0x000000070f000000, 0x000000070f100000|  0%| F|  |TAMS 0x000000070f000000, 0x000000070f000000| Untracked 
| 207|0x000000070f100000, 0x000000070f100000, 0x000000070f200000|  0%| F|  |TAMS 0x000000070f100000, 0x000000070f100000| Untracked 
| 208|0x000000070f200000, 0x000000070f200000, 0x000000070f300000|  0%| F|  |TAMS 0x000000070f200000, 0x000000070f200000| Untracked 
| 209|0x000000070f300000, 0x000000070f300000, 0x000000070f400000|  0%| F|  |TAMS 0x000000070f300000, 0x000000070f300000| Untracked 
| 210|0x000000070f400000, 0x000000070f400000, 0x000000070f500000|  0%| F|  |TAMS 0x000000070f400000, 0x000000070f400000| Untracked 
| 211|0x000000070f500000, 0x000000070f500000, 0x000000070f600000|  0%| F|  |TAMS 0x000000070f500000, 0x000000070f500000| Untracked 
| 212|0x000000070f600000, 0x000000070f600000, 0x000000070f700000|  0%| F|  |TAMS 0x000000070f600000, 0x000000070f600000| Untracked 
| 213|0x000000070f700000, 0x000000070f700000, 0x000000070f800000|  0%| F|  |TAMS 0x000000070f700000, 0x000000070f700000| Untracked 
| 214|0x000000070f800000, 0x000000070f800000, 0x000000070f900000|  0%| F|  |TAMS 0x000000070f800000, 0x000000070f800000| Untracked 
| 215|0x000000070f900000, 0x000000070f900000, 0x000000070fa00000|  0%| F|  |TAMS 0x000000070f900000, 0x000000070f900000| Untracked 
| 216|0x000000070fa00000, 0x000000070fa00000, 0x000000070fb00000|  0%| F|  |TAMS 0x000000070fa00000, 0x000000070fa00000| Untracked 
| 217|0x000000070fb00000, 0x000000070fb00000, 0x000000070fc00000|  0%| F|  |TAMS 0x000000070fb00000, 0x000000070fb00000| Untracked 
| 218|0x000000070fc00000, 0x000000070fc00000, 0x000000070fd00000|  0%| F|  |TAMS 0x000000070fc00000, 0x000000070fc00000| Untracked 
| 219|0x000000070fd00000, 0x000000070fd00000, 0x000000070fe00000|  0%| F|  |TAMS 0x000000070fd00000, 0x000000070fd00000| Untracked 
| 220|0x000000070fe00000, 0x000000070fe00000, 0x000000070ff00000|  0%| F|  |TAMS 0x000000070fe00000, 0x000000070fe00000| Untracked 
| 221|0x000000070ff00000, 0x000000070ff00000, 0x0000000710000000|  0%| F|  |TAMS 0x000000070ff00000, 0x000000070ff00000| Untracked 
| 222|0x0000000710000000, 0x0000000710000000, 0x0000000710100000|  0%| F|  |TAMS 0x0000000710000000, 0x0000000710000000| Untracked 
| 223|0x0000000710100000, 0x0000000710100000, 0x0000000710200000|  0%| F|  |TAMS 0x0000000710100000, 0x0000000710100000| Untracked 
| 224|0x0000000710200000, 0x0000000710200000, 0x0000000710300000|  0%| F|  |TAMS 0x0000000710200000, 0x0000000710200000| Untracked 
| 225|0x0000000710300000, 0x0000000710300000, 0x0000000710400000|  0%| F|  |TAMS 0x0000000710300000, 0x0000000710300000| Untracked 
| 226|0x0000000710400000, 0x0000000710400000, 0x0000000710500000|  0%| F|  |TAMS 0x0000000710400000, 0x0000000710400000| Untracked 
| 227|0x0000000710500000, 0x0000000710500000, 0x0000000710600000|  0%| F|  |TAMS 0x0000000710500000, 0x0000000710500000| Untracked 
| 228|0x0000000710600000, 0x0000000710600000, 0x0000000710700000|  0%| F|  |TAMS 0x0000000710600000, 0x0000000710600000| Untracked 
| 229|0x0000000710700000, 0x0000000710700000, 0x0000000710800000|  0%| F|  |TAMS 0x0000000710700000, 0x0000000710700000| Untracked 
| 230|0x0000000710800000, 0x0000000710800000, 0x0000000710900000|  0%| F|  |TAMS 0x0000000710800000, 0x0000000710800000| Untracked 
| 231|0x0000000710900000, 0x0000000710900000, 0x0000000710a00000|  0%| F|  |TAMS 0x0000000710900000, 0x0000000710900000| Untracked 
| 232|0x0000000710a00000, 0x0000000710a00000, 0x0000000710b00000|  0%| F|  |TAMS 0x0000000710a00000, 0x0000000710a00000| Untracked 
| 233|0x0000000710b00000, 0x0000000710b00000, 0x0000000710c00000|  0%| F|  |TAMS 0x0000000710b00000, 0x0000000710b00000| Untracked 
| 234|0x0000000710c00000, 0x0000000710c00000, 0x0000000710d00000|  0%| F|  |TAMS 0x0000000710c00000, 0x0000000710c00000| Untracked 
| 235|0x0000000710d00000, 0x0000000710d00000, 0x0000000710e00000|  0%| F|  |TAMS 0x0000000710d00000, 0x0000000710d00000| Untracked 
| 236|0x0000000710e00000, 0x0000000710e00000, 0x0000000710f00000|  0%| F|  |TAMS 0x0000000710e00000, 0x0000000710e00000| Untracked 
| 237|0x0000000710f00000, 0x0000000710f00000, 0x0000000711000000|  0%| F|  |TAMS 0x0000000710f00000, 0x0000000710f00000| Untracked 
| 238|0x0000000711000000, 0x0000000711000000, 0x0000000711100000|  0%| F|  |TAMS 0x0000000711000000, 0x0000000711000000| Untracked 
| 239|0x0000000711100000, 0x0000000711100000, 0x0000000711200000|  0%| F|  |TAMS 0x0000000711100000, 0x0000000711100000| Untracked 
| 240|0x0000000711200000, 0x0000000711200000, 0x0000000711300000|  0%| F|  |TAMS 0x0000000711200000, 0x0000000711200000| Untracked 
| 241|0x0000000711300000, 0x0000000711300000, 0x0000000711400000|  0%| F|  |TAMS 0x0000000711300000, 0x0000000711300000| Untracked 
| 242|0x0000000711400000, 0x0000000711400000, 0x0000000711500000|  0%| F|  |TAMS 0x0000000711400000, 0x0000000711400000| Untracked 
| 243|0x0000000711500000, 0x0000000711547e30, 0x0000000711600000| 28%| S|CS|TAMS 0x0000000711500000, 0x0000000711500000| Complete 
| 244|0x0000000711600000, 0x0000000711700000, 0x0000000711700000|100%| S|CS|TAMS 0x0000000711600000, 0x0000000711600000| Complete 
| 245|0x0000000711700000, 0x0000000711800000, 0x0000000711800000|100%| S|CS|TAMS 0x0000000711700000, 0x0000000711700000| Complete 
| 246|0x0000000711800000, 0x0000000711900000, 0x0000000711900000|100%| S|CS|TAMS 0x0000000711800000, 0x0000000711800000| Complete 
| 247|0x0000000711900000, 0x0000000711a00000, 0x0000000711a00000|100%| S|CS|TAMS 0x0000000711900000, 0x0000000711900000| Complete 
| 248|0x0000000711a00000, 0x0000000711b00000, 0x0000000711b00000|100%| S|CS|TAMS 0x0000000711a00000, 0x0000000711a00000| Complete 
| 249|0x0000000711b00000, 0x0000000711c00000, 0x0000000711c00000|100%| S|CS|TAMS 0x0000000711b00000, 0x0000000711b00000| Complete 
| 250|0x0000000711c00000, 0x0000000711d00000, 0x0000000711d00000|100%| S|CS|TAMS 0x0000000711c00000, 0x0000000711c00000| Complete 
| 251|0x0000000711d00000, 0x0000000711e00000, 0x0000000711e00000|100%| S|CS|TAMS 0x0000000711d00000, 0x0000000711d00000| Complete 
| 252|0x0000000711e00000, 0x0000000711f00000, 0x0000000711f00000|100%| S|CS|TAMS 0x0000000711e00000, 0x0000000711e00000| Complete 
| 253|0x0000000711f00000, 0x0000000712000000, 0x0000000712000000|100%| S|CS|TAMS 0x0000000711f00000, 0x0000000711f00000| Complete 
| 254|0x0000000712000000, 0x0000000712100000, 0x0000000712100000|100%| S|CS|TAMS 0x0000000712000000, 0x0000000712000000| Complete 
| 255|0x0000000712100000, 0x0000000712200000, 0x0000000712200000|100%| S|CS|TAMS 0x0000000712100000, 0x0000000712100000| Complete 
| 256|0x0000000712200000, 0x0000000712300000, 0x0000000712300000|100%| S|CS|TAMS 0x0000000712200000, 0x0000000712200000| Complete 
| 257|0x0000000712300000, 0x0000000712300000, 0x0000000712400000|  0%| F|  |TAMS 0x0000000712300000, 0x0000000712300000| Untracked 
| 258|0x0000000712400000, 0x0000000712400000, 0x0000000712500000|  0%| F|  |TAMS 0x0000000712400000, 0x0000000712400000| Untracked 
| 259|0x0000000712500000, 0x0000000712500000, 0x0000000712600000|  0%| F|  |TAMS 0x0000000712500000, 0x0000000712500000| Untracked 
| 260|0x0000000712600000, 0x0000000712600000, 0x0000000712700000|  0%| F|  |TAMS 0x0000000712600000, 0x0000000712600000| Untracked 
| 261|0x0000000712700000, 0x0000000712700000, 0x0000000712800000|  0%| F|  |TAMS 0x0000000712700000, 0x0000000712700000| Untracked 
| 262|0x0000000712800000, 0x0000000712800000, 0x0000000712900000|  0%| F|  |TAMS 0x0000000712800000, 0x0000000712800000| Untracked 
| 263|0x0000000712900000, 0x0000000712900000, 0x0000000712a00000|  0%| F|  |TAMS 0x0000000712900000, 0x0000000712900000| Untracked 
| 264|0x0000000712a00000, 0x0000000712a00000, 0x0000000712b00000|  0%| F|  |TAMS 0x0000000712a00000, 0x0000000712a00000| Untracked 
| 265|0x0000000712b00000, 0x0000000712b00000, 0x0000000712c00000|  0%| F|  |TAMS 0x0000000712b00000, 0x0000000712b00000| Untracked 
| 266|0x0000000712c00000, 0x0000000712c00000, 0x0000000712d00000|  0%| F|  |TAMS 0x0000000712c00000, 0x0000000712c00000| Untracked 
| 267|0x0000000712d00000, 0x0000000712d00000, 0x0000000712e00000|  0%| F|  |TAMS 0x0000000712d00000, 0x0000000712d00000| Untracked 
| 268|0x0000000712e00000, 0x0000000712e00000, 0x0000000712f00000|  0%| F|  |TAMS 0x0000000712e00000, 0x0000000712e00000| Untracked 
| 269|0x0000000712f00000, 0x0000000712f00000, 0x0000000713000000|  0%| F|  |TAMS 0x0000000712f00000, 0x0000000712f00000| Untracked 
| 270|0x0000000713000000, 0x0000000713000000, 0x0000000713100000|  0%| F|  |TAMS 0x0000000713000000, 0x0000000713000000| Untracked 
| 271|0x0000000713100000, 0x0000000713100000, 0x0000000713200000|  0%| F|  |TAMS 0x0000000713100000, 0x0000000713100000| Untracked 
| 272|0x0000000713200000, 0x0000000713200000, 0x0000000713300000|  0%| F|  |TAMS 0x0000000713200000, 0x0000000713200000| Untracked 
| 273|0x0000000713300000, 0x0000000713300000, 0x0000000713400000|  0%| F|  |TAMS 0x0000000713300000, 0x0000000713300000| Untracked 
| 274|0x0000000713400000, 0x0000000713400000, 0x0000000713500000|  0%| F|  |TAMS 0x0000000713400000, 0x0000000713400000| Untracked 
| 275|0x0000000713500000, 0x0000000713500000, 0x0000000713600000|  0%| F|  |TAMS 0x0000000713500000, 0x0000000713500000| Untracked 
| 276|0x0000000713600000, 0x0000000713600000, 0x0000000713700000|  0%| F|  |TAMS 0x0000000713600000, 0x0000000713600000| Untracked 
| 277|0x0000000713700000, 0x0000000713700000, 0x0000000713800000|  0%| F|  |TAMS 0x0000000713700000, 0x0000000713700000| Untracked 
| 278|0x0000000713800000, 0x0000000713800000, 0x0000000713900000|  0%| F|  |TAMS 0x0000000713800000, 0x0000000713800000| Untracked 
| 279|0x0000000713900000, 0x0000000713900000, 0x0000000713a00000|  0%| F|  |TAMS 0x0000000713900000, 0x0000000713900000| Untracked 
| 280|0x0000000713a00000, 0x0000000713a00000, 0x0000000713b00000|  0%| F|  |TAMS 0x0000000713a00000, 0x0000000713a00000| Untracked 
| 281|0x0000000713b00000, 0x0000000713b00000, 0x0000000713c00000|  0%| F|  |TAMS 0x0000000713b00000, 0x0000000713b00000| Untracked 
| 282|0x0000000713c00000, 0x0000000713c00000, 0x0000000713d00000|  0%| F|  |TAMS 0x0000000713c00000, 0x0000000713c00000| Untracked 
| 283|0x0000000713d00000, 0x0000000713d00000, 0x0000000713e00000|  0%| F|  |TAMS 0x0000000713d00000, 0x0000000713d00000| Untracked 
| 284|0x0000000713e00000, 0x0000000713e00000, 0x0000000713f00000|  0%| F|  |TAMS 0x0000000713e00000, 0x0000000713e00000| Untracked 
| 285|0x0000000713f00000, 0x0000000713f00000, 0x0000000714000000|  0%| F|  |TAMS 0x0000000713f00000, 0x0000000713f00000| Untracked 
| 286|0x0000000714000000, 0x0000000714000000, 0x0000000714100000|  0%| F|  |TAMS 0x0000000714000000, 0x0000000714000000| Untracked 
| 287|0x0000000714100000, 0x0000000714100000, 0x0000000714200000|  0%| F|  |TAMS 0x0000000714100000, 0x0000000714100000| Untracked 
| 288|0x0000000714200000, 0x0000000714200000, 0x0000000714300000|  0%| F|  |TAMS 0x0000000714200000, 0x0000000714200000| Untracked 
| 289|0x0000000714300000, 0x0000000714300000, 0x0000000714400000|  0%| F|  |TAMS 0x0000000714300000, 0x0000000714300000| Untracked 
| 290|0x0000000714400000, 0x0000000714400000, 0x0000000714500000|  0%| F|  |TAMS 0x0000000714400000, 0x0000000714400000| Untracked 
| 291|0x0000000714500000, 0x0000000714500000, 0x0000000714600000|  0%| F|  |TAMS 0x0000000714500000, 0x0000000714500000| Untracked 
| 292|0x0000000714600000, 0x0000000714600000, 0x0000000714700000|  0%| F|  |TAMS 0x0000000714600000, 0x0000000714600000| Untracked 
| 293|0x0000000714700000, 0x0000000714700000, 0x0000000714800000|  0%| F|  |TAMS 0x0000000714700000, 0x0000000714700000| Untracked 
| 294|0x0000000714800000, 0x0000000714800000, 0x0000000714900000|  0%| F|  |TAMS 0x0000000714800000, 0x0000000714800000| Untracked 
| 295|0x0000000714900000, 0x0000000714900000, 0x0000000714a00000|  0%| F|  |TAMS 0x0000000714900000, 0x0000000714900000| Untracked 
| 296|0x0000000714a00000, 0x0000000714a00000, 0x0000000714b00000|  0%| F|  |TAMS 0x0000000714a00000, 0x0000000714a00000| Untracked 
| 297|0x0000000714b00000, 0x0000000714b00000, 0x0000000714c00000|  0%| F|  |TAMS 0x0000000714b00000, 0x0000000714b00000| Untracked 
| 298|0x0000000714c00000, 0x0000000714c00000, 0x0000000714d00000|  0%| F|  |TAMS 0x0000000714c00000, 0x0000000714c00000| Untracked 
| 299|0x0000000714d00000, 0x0000000714d00000, 0x0000000714e00000|  0%| F|  |TAMS 0x0000000714d00000, 0x0000000714d00000| Untracked 
| 300|0x0000000714e00000, 0x0000000714e00800, 0x0000000714f00000|  0%| E|  |TAMS 0x0000000714e00000, 0x0000000714e00000| Complete 
| 301|0x0000000714f00000, 0x0000000715000000, 0x0000000715000000|100%| E|CS|TAMS 0x0000000714f00000, 0x0000000714f00000| Complete 
| 302|0x0000000715000000, 0x0000000715100000, 0x0000000715100000|100%| E|CS|TAMS 0x0000000715000000, 0x0000000715000000| Complete 
| 303|0x0000000715100000, 0x0000000715200000, 0x0000000715200000|100%| E|CS|TAMS 0x0000000715100000, 0x0000000715100000| Complete 
| 304|0x0000000715200000, 0x0000000715300000, 0x0000000715300000|100%| E|CS|TAMS 0x0000000715200000, 0x0000000715200000| Complete 

Card table byte_map: [0x0000020f419d0000,0x0000020f421c0000] _byte_map_base: 0x0000020f3e1bf000

Marking Bits (Prev, Next): (CMBitMap*) 0x0000020f279af430, (CMBitMap*) 0x0000020f279af3f8
 Prev Bits: [0x0000020f46930000, 0x0000020f4a8a8000)
 Next Bits: [0x0000020f429b0000, 0x0000020f46928000)

Polling page: 0x0000020f291c0000

Metaspace:

Usage:
  Non-class:     51.49 MB capacity,    50.69 MB ( 98%) used,   650.22 KB (  1%) free+waste,   166.13 KB ( <1%) overhead. 
      Class:      7.47 MB capacity,     6.95 MB ( 93%) used,   454.49 KB (  6%) free+waste,    75.13 KB ( <1%) overhead. 
       Both:     58.95 MB capacity,    57.64 MB ( 98%) used,     1.08 MB (  2%) free+waste,   241.25 KB ( <1%) overhead. 

Virtual space:
  Non-class space:       52.00 MB reserved,      51.58 MB (>99%) committed 
      Class space:        1.00 GB reserved,       7.50 MB ( <1%) committed 
             Both:        1.05 GB reserved,      59.08 MB (  5%) committed 

Chunk freelists:
   Non-Class:  0 bytes
       Class:  2.00 KB
        Both:  2.00 KB

MaxMetaspaceSize: 17179869184.00 GB
CompressedClassSpaceSize: 1.00 GB

CodeHeap 'non-profiled nmethods': size=120000Kb used=3437Kb max_used=3437Kb free=116563Kb
 bounds [0x0000020f39240000, 0x0000020f395a0000, 0x0000020f40770000]
CodeHeap 'profiled nmethods': size=120000Kb used=12169Kb max_used=12169Kb free=107830Kb
 bounds [0x0000020f31d10000, 0x0000020f32900000, 0x0000020f39240000]
CodeHeap 'non-nmethods': size=5760Kb used=1265Kb max_used=1371Kb free=4494Kb
 bounds [0x0000020f31770000, 0x0000020f319e0000, 0x0000020f31d10000]
 total_blobs=6804 nmethods=4777 adapters=437
 compilation: enabled
              stopped_count=0, restarted_count=0
 full_count=0

Compilation events (20 events):
Event: 8.338 Thread 0x0000020f4dd50000 nmethod 5030 0x0000020f328e4510 code [0x0000020f328e46c0, 0x0000020f328e4850]
Event: 8.338 Thread 0x0000020f4dd50000 5033       1       java.lang.reflect.Field::getType (5 bytes)
Event: 8.338 Thread 0x0000020f4dd50000 nmethod 5033 0x0000020f3959a990 code [0x0000020f3959ab40, 0x0000020f3959ac58]
Event: 8.339 Thread 0x0000020f4dd50000 5036 %     3       org.springframework.transaction.annotation.AnnotationTransactionAttributeSource::determineTransactionAttribute @ 10 (51 bytes)
Event: 8.339 Thread 0x0000020f4dd50000 nmethod 5036% 0x0000020f328e4910 code [0x0000020f328e4b20, 0x0000020f328e5280]
Event: 8.341 Thread 0x0000020f4dd50000 5037       2       org.springframework.beans.MutablePropertyValues::isEmpty (10 bytes)
Event: 8.342 Thread 0x0000020f4dd50000 nmethod 5037 0x0000020f328e5490 code [0x0000020f328e5640, 0x0000020f328e57d0]
Event: 8.342 Thread 0x0000020f4dd50000 5039 %     3       org.eclipse.jdt.launching.internal.org.objectweb.asm.ClassReader::accept @ 1344 (1404 bytes)
Event: 8.388 Thread 0x0000020f4dd50000 nmethod 5039% 0x0000020f328e5890 code [0x0000020f328e6480, 0x0000020f328ef3a0]
Event: 8.388 Thread 0x0000020f4dd50000 5040 % !   3       org.springframework.util.ReflectionUtils::doWithLocalMethods @ 15 (89 bytes)
Event: 8.390 Thread 0x0000020f4dd50000 nmethod 5040% 0x0000020f328f3f10 code [0x0000020f328f4200, 0x0000020f328f5190]
Event: 8.390 Thread 0x0000020f4dd50000 5038       2       org.springframework.boot.web.servlet.context.WebApplicationContextServletContextAwareProcessor::getServletContext (23 bytes)
Event: 8.391 Thread 0x0000020f4dd50000 nmethod 5038 0x0000020f328f5810 code [0x0000020f328f5a00, 0x0000020f328f5c80]
Event: 8.393 Thread 0x0000020f4dd50000 5041       1       org.springframework.beans.factory.support.AbstractAutowireCapableBeanFactory::getLogger (5 bytes)
Event: 8.393 Thread 0x0000020f4dd50000 nmethod 5041 0x0000020f3959ad10 code [0x0000020f3959aec0, 0x0000020f3959afd8]
Event: 8.398 Thread 0x0000020f4dd50000 5042       1       org.springframework.beans.factory.config.InstantiationAwareBeanPostProcessorAdapter::determineCandidateConstructors (2 bytes)
Event: 8.398 Thread 0x0000020f4dd50000 nmethod 5042 0x0000020f3959b090 code [0x0000020f3959b240, 0x0000020f3959b358]
Event: 8.398 Thread 0x0000020f4dd50000 5043       2       org.eclipse.jdt.launching.internal.org.objectweb.asm.ClassReader::readByte (11 bytes)
Event: 8.398 Thread 0x0000020f4dd50000 nmethod 5043 0x0000020f328f5d90 code [0x0000020f328f5f40, 0x0000020f328f60d8]
Event: 8.447 Thread 0x0000020f4dd50000 5044       3       org.eclipse.jdt.launching.internal.org.objectweb.asm.ClassReader::accept (1404 bytes)

GC Heap History (20 events):
Event: 0.905 GC heap before
{Heap before GC invocations=0 (full 0):
 garbage-first heap   total 260096K, used 24576K [0x0000000702200000, 0x0000000800000000)
  region size 1024K, 24 young (24576K), 0 survivors (0K)
 Metaspace       used 11588K, capacity 11713K, committed 11904K, reserved 1060864K
  class space    used 1027K, capacity 1067K, committed 1152K, reserved 1048576K
}
Event: 0.911 GC heap after
{Heap after GC invocations=1 (full 0):
 garbage-first heap   total 260096K, used 8281K [0x0000000702200000, 0x0000000800000000)
  region size 1024K, 3 young (3072K), 3 survivors (3072K)
 Metaspace       used 11588K, capacity 11713K, committed 11904K, reserved 1060864K
  class space    used 1027K, capacity 1067K, committed 1152K, reserved 1048576K
}
Event: 1.161 GC heap before
{Heap before GC invocations=1 (full 0):
 garbage-first heap   total 260096K, used 27737K [0x0000000702200000, 0x0000000800000000)
  region size 1024K, 22 young (22528K), 3 survivors (3072K)
 Metaspace       used 13802K, capacity 14025K, committed 14208K, reserved 1062912K
  class space    used 1291K, capacity 1372K, committed 1408K, reserved 1048576K
}
Event: 1.165 GC heap after
{Heap after GC invocations=2 (full 0):
 garbage-first heap   total 260096K, used 8879K [0x0000000702200000, 0x0000000800000000)
  region size 1024K, 1 young (1024K), 1 survivors (1024K)
 Metaspace       used 13802K, capacity 14025K, committed 14208K, reserved 1062912K
  class space    used 1291K, capacity 1372K, committed 1408K, reserved 1048576K
}
Event: 1.435 GC heap before
{Heap before GC invocations=2 (full 0):
 garbage-first heap   total 260096K, used 59055K [0x0000000702200000, 0x0000000800000000)
  region size 1024K, 51 young (52224K), 1 survivors (1024K)
 Metaspace       used 15669K, capacity 15886K, committed 16000K, reserved 1062912K
  class space    used 1529K, capacity 1613K, committed 1664K, reserved 1048576K
}
Event: 1.437 GC heap after
{Heap after GC invocations=3 (full 0):
 garbage-first heap   total 260096K, used 9155K [0x0000000702200000, 0x0000000800000000)
  region size 1024K, 1 young (1024K), 1 survivors (1024K)
 Metaspace       used 15669K, capacity 15886K, committed 16000K, reserved 1062912K
  class space    used 1529K, capacity 1613K, committed 1664K, reserved 1048576K
}
Event: 1.895 GC heap before
{Heap before GC invocations=3 (full 0):
 garbage-first heap   total 260096K, used 57283K [0x0000000702200000, 0x0000000800000000)
  region size 1024K, 49 young (50176K), 1 survivors (1024K)
 Metaspace       used 20690K, capacity 21113K, committed 21296K, reserved 1069056K
  class space    used 2150K, capacity 2344K, committed 2432K, reserved 1048576K
}
Event: 1.900 GC heap after
{Heap after GC invocations=4 (full 0):
 garbage-first heap   total 260096K, used 10237K [0x0000000702200000, 0x0000000800000000)
  region size 1024K, 2 young (2048K), 2 survivors (2048K)
 Metaspace       used 20690K, capacity 21113K, committed 21296K, reserved 1069056K
  class space    used 2150K, capacity 2344K, committed 2432K, reserved 1048576K
}
Event: 2.514 GC heap before
{Heap before GC invocations=5 (full 0):
 garbage-first heap   total 260096K, used 98301K [0x0000000702200000, 0x0000000800000000)
  region size 1024K, 86 young (88064K), 2 survivors (2048K)
 Metaspace       used 27803K, capacity 28404K, committed 28464K, reserved 1075200K
  class space    used 2956K, capacity 3172K, committed 3200K, reserved 1048576K
}
Event: 2.519 GC heap after
{Heap after GC invocations=6 (full 0):
 garbage-first heap   total 260096K, used 11665K [0x0000000702200000, 0x0000000800000000)
  region size 1024K, 4 young (4096K), 4 survivors (4096K)
 Metaspace       used 27803K, capacity 28404K, committed 28464K, reserved 1075200K
  class space    used 2956K, capacity 3172K, committed 3200K, reserved 1048576K
}
Event: 3.022 GC heap before
{Heap before GC invocations=6 (full 0):
 garbage-first heap   total 260096K, used 125329K [0x0000000702200000, 0x0000000800000000)
  region size 1024K, 116 young (118784K), 4 survivors (4096K)
 Metaspace       used 32283K, capacity 33044K, committed 33200K, reserved 1079296K
  class space    used 3485K, capacity 3758K, committed 3840K, reserved 1048576K
}
Event: 3.031 GC heap after
{Heap after GC invocations=7 (full 0):
 garbage-first heap   total 260096K, used 13706K [0x0000000702200000, 0x0000000800000000)
  region size 1024K, 6 young (6144K), 6 survivors (6144K)
 Metaspace       used 32283K, capacity 33044K, committed 33200K, reserved 1079296K
  class space    used 3485K, capacity 3758K, committed 3840K, reserved 1048576K
}
Event: 3.819 GC heap before
{Heap before GC invocations=7 (full 0):
 garbage-first heap   total 260096K, used 64906K [0x0000000702200000, 0x0000000800000000)
  region size 1024K, 57 young (58368K), 6 survivors (6144K)
 Metaspace       used 34985K, capacity 35728K, committed 35888K, reserved 1081344K
  class space    used 3814K, capacity 4105K, committed 4224K, reserved 1048576K
}
Event: 3.833 GC heap after
{Heap after GC invocations=8 (full 0):
 garbage-first heap   total 312320K, used 14375K [0x0000000702200000, 0x0000000800000000)
  region size 1024K, 6 young (6144K), 6 survivors (6144K)
 Metaspace       used 34985K, capacity 35728K, committed 35888K, reserved 1081344K
  class space    used 3814K, capacity 4105K, committed 4224K, reserved 1048576K
}
Event: 5.895 GC heap before
{Heap before GC invocations=9 (full 0):
 garbage-first heap   total 312320K, used 194599K [0x0000000702200000, 0x0000000800000000)
  region size 1024K, 183 young (187392K), 6 survivors (6144K)
 Metaspace       used 43432K, capacity 44516K, committed 44848K, reserved 1089536K
  class space    used 4978K, capacity 5403K, committed 5504K, reserved 1048576K
}
Event: 5.907 GC heap after
{Heap after GC invocations=10 (full 0):
 garbage-first heap   total 312320K, used 18216K [0x0000000702200000, 0x0000000800000000)
  region size 1024K, 10 young (10240K), 10 survivors (10240K)
 Metaspace       used 43432K, capacity 44516K, committed 44848K, reserved 1089536K
  class space    used 4978K, capacity 5403K, committed 5504K, reserved 1048576K
}
Event: 7.688 GC heap before
{Heap before GC invocations=10 (full 0):
 garbage-first heap   total 312320K, used 194344K [0x0000000702200000, 0x0000000800000000)
  region size 1024K, 183 young (187392K), 10 survivors (10240K)
 Metaspace       used 55664K, capacity 56897K, committed 57136K, reserved 1099776K
  class space    used 6688K, capacity 7179K, committed 7296K, reserved 1048576K
}
Event: 7.699 GC heap after
{Heap after GC invocations=11 (full 0):
 garbage-first heap   total 312320K, used 21543K [0x0000000702200000, 0x0000000800000000)
  region size 1024K, 13 young (13312K), 13 survivors (13312K)
 Metaspace       used 55664K, capacity 56897K, committed 57136K, reserved 1099776K
  class space    used 6688K, capacity 7179K, committed 7296K, reserved 1048576K
}
Event: 8.354 GC heap before
{Heap before GC invocations=11 (full 0):
 garbage-first heap   total 312320K, used 69671K [0x0000000702200000, 0x0000000800000000)
  region size 1024K, 61 young (62464K), 13 survivors (13312K)
 Metaspace       used 58815K, capacity 60133K, committed 60240K, reserved 1101824K
  class space    used 7092K, capacity 7610K, committed 7680K, reserved 1048576K
}
Event: 8.386 GC heap after
{Heap after GC invocations=12 (full 0):
 garbage-first heap   total 312320K, used 23541K [0x0000000702200000, 0x0000000800000000)
  region size 1024K, 14 young (14336K), 14 survivors (14336K)
 Metaspace       used 58815K, capacity 60133K, committed 60240K, reserved 1101824K
  class space    used 7092K, capacity 7610K, committed 7680K, reserved 1048576K
}

Deoptimization events (20 events):
Event: 8.452 Thread 0x0000020f4f592000 DEOPT PACKING pc=0x0000020f32492cc4 sp=0x00000029505fd2f0
Event: 8.452 Thread 0x0000020f4f592000 DEOPT UNPACKING pc=0x0000020f317ad6ce sp=0x00000029505fc810 mode 1
Event: 8.452 Thread 0x0000020f4f592000 DEOPT PACKING pc=0x0000020f3268ab64 sp=0x00000029505fd3d0
Event: 8.452 Thread 0x0000020f4f592000 DEOPT UNPACKING pc=0x0000020f317ad6ce sp=0x00000029505fc890 mode 1
Event: 8.452 Thread 0x0000020f4f592000 DEOPT PACKING pc=0x0000020f32492cc4 sp=0x00000029505fd2f0
Event: 8.452 Thread 0x0000020f4f592000 DEOPT UNPACKING pc=0x0000020f317ad6ce sp=0x00000029505fc810 mode 1
Event: 8.452 Thread 0x0000020f4f592000 DEOPT PACKING pc=0x0000020f3268ab64 sp=0x00000029505fd3d0
Event: 8.452 Thread 0x0000020f4f592000 DEOPT UNPACKING pc=0x0000020f317ad6ce sp=0x00000029505fc890 mode 1
Event: 8.454 Thread 0x0000020f4f592000 DEOPT PACKING pc=0x0000020f32492cc4 sp=0x00000029505fd030
Event: 8.454 Thread 0x0000020f4f592000 DEOPT UNPACKING pc=0x0000020f317ad6ce sp=0x00000029505fc550 mode 1
Event: 8.454 Thread 0x0000020f4f592000 DEOPT PACKING pc=0x0000020f3268ab64 sp=0x00000029505fd110
Event: 8.454 Thread 0x0000020f4f592000 DEOPT UNPACKING pc=0x0000020f317ad6ce sp=0x00000029505fc5d0 mode 1
Event: 8.454 Thread 0x0000020f4f592000 DEOPT PACKING pc=0x0000020f32492cc4 sp=0x00000029505fd030
Event: 8.454 Thread 0x0000020f4f592000 DEOPT UNPACKING pc=0x0000020f317ad6ce sp=0x00000029505fc550 mode 1
Event: 8.454 Thread 0x0000020f4f592000 DEOPT PACKING pc=0x0000020f3268ab64 sp=0x00000029505fd110
Event: 8.454 Thread 0x0000020f4f592000 DEOPT UNPACKING pc=0x0000020f317ad6ce sp=0x00000029505fc5d0 mode 1
Event: 8.455 Thread 0x0000020f4f592000 DEOPT PACKING pc=0x0000020f32492cc4 sp=0x00000029505fd640
Event: 8.455 Thread 0x0000020f4f592000 DEOPT UNPACKING pc=0x0000020f317ad6ce sp=0x00000029505fcb78 mode 1
Event: 8.455 Thread 0x0000020f4f592000 DEOPT PACKING pc=0x0000020f32492cc4 sp=0x00000029505fd640
Event: 8.455 Thread 0x0000020f4f592000 DEOPT UNPACKING pc=0x0000020f317ad6ce sp=0x00000029505fcb78 mode 1

Classes redefined (0 events):
No events

Internal exceptions (20 events):
Event: 7.370 Thread 0x0000020f4f592000 Exception <a 'java/lang/ClassNotFoundException'{0x000000070c150fb8}: java/lang/ObjectCustomizer> (0x000000070c150fb8) thrown at [./src/hotspot/share/classfile/systemDictionary.cpp, line 231]
Event: 7.371 Thread 0x0000020f4f592000 Exception <a 'java/lang/ClassNotFoundException'{0x000000070c16bf28}: org/springframework/web/servlet/config/annotation/WebMvcConfigurationSupportCustomizer> (0x000000070c16bf28) thrown at [./src/hotspot/share/classfile/systemDictionary.cpp, line 231]
Event: 7.373 Thread 0x0000020f4f592000 Exception <a 'java/lang/ClassNotFoundException'{0x000000070c191fc8}: org/springframework/web/servlet/config/annotation/DelegatingWebMvcConfigurationCustomizer> (0x000000070c191fc8) thrown at [./src/hotspot/share/classfile/systemDictionary.cpp, line 231]
Event: 7.374 Thread 0x0000020f4f592000 Exception <a 'java/lang/ClassNotFoundException'{0x000000070c1b1bc8}: org/springframework/boot/autoconfigure/web/servlet/WebMvcAutoConfiguration$EnableWebMvcConfigurationCustomizer> (0x000000070c1b1bc8) thrown at [./src/hotspot/share/classfile/systemDictionary.cpp, line 231]
Event: 7.376 Thread 0x0000020f4f592000 Exception <a 'java/lang/ClassNotFoundException'{0x000000070c1d1808}: org/springframework/context/ResourceLoaderAwareCustomizer> (0x000000070c1d1808) thrown at [./src/hotspot/share/classfile/systemDictionary.cpp, line 231]
Event: 7.377 Thread 0x0000020f4f592000 Exception <a 'java/lang/ClassNotFoundException'{0x000000070c1e3f40}: org/springframework/beans/factory/AwareCustomizer> (0x000000070c1e3f40) thrown at [./src/hotspot/share/classfile/systemDictionary.cpp, line 231]
Event: 7.377 Thread 0x0000020f4f592000 Exception <a 'java/lang/ClassNotFoundException'{0x000000070c1f7c68}: org/springframework/context/ApplicationContextAwareCustomizer> (0x000000070c1f7c68) thrown at [./src/hotspot/share/classfile/systemDictionary.cpp, line 231]
Event: 7.378 Thread 0x0000020f4f592000 Exception <a 'java/lang/ClassNotFoundException'{0x000000070c00b1d8}: org/springframework/beans/factory/AwareCustomizer> (0x000000070c00b1d8) thrown at [./src/hotspot/share/classfile/systemDictionary.cpp, line 231]
Event: 7.379 Thread 0x0000020f4f592000 Exception <a 'java/lang/ClassNotFoundException'{0x000000070c01eed8}: org/springframework/web/context/ServletContextAwareCustomizer> (0x000000070c01eed8) thrown at [./src/hotspot/share/classfile/systemDictionary.cpp, line 231]
Event: 7.380 Thread 0x0000020f4f592000 Exception <a 'java/lang/ClassNotFoundException'{0x000000070c031a78}: org/springframework/beans/factory/AwareCustomizer> (0x000000070c031a78) thrown at [./src/hotspot/share/classfile/systemDictionary.cpp, line 231]
Event: 7.444 Thread 0x0000020f4f592000 Exception <a 'java/lang/ClassNotFoundException'{0x000000070bd58910}: java/lang/ObjectCustomizer> (0x000000070bd58910) thrown at [./src/hotspot/share/classfile/systemDictionary.cpp, line 231]
Event: 7.445 Thread 0x0000020f4f592000 Exception <a 'java/lang/ClassNotFoundException'{0x000000070bd753d0}: org/springframework/security/config/annotation/web/configuration/WebSecurityConfigurationCustomizer> (0x000000070bd753d0) thrown at [./src/hotspot/share/classfile/systemDictionary.cpp, line 231]
Event: 7.447 Thread 0x0000020f4f592000 Exception <a 'java/lang/ClassNotFoundException'{0x000000070bd93110}: org/springframework/context/annotation/ImportAwareCustomizer> (0x000000070bd93110) thrown at [./src/hotspot/share/classfile/systemDictionary.cpp, line 231]
Event: 7.449 Thread 0x0000020f4f592000 Exception <a 'java/lang/ClassNotFoundException'{0x000000070bda4df0}: org/springframework/beans/factory/AwareCustomizer> (0x000000070bda4df0) thrown at [./src/hotspot/share/classfile/systemDictionary.cpp, line 231]
Event: 7.450 Thread 0x0000020f4f592000 Exception <a 'java/lang/ClassNotFoundException'{0x000000070bdb83c0}: org/springframework/beans/factory/BeanClassLoaderAwareCustomizer> (0x000000070bdb83c0) thrown at [./src/hotspot/share/classfile/systemDictionary.cpp, line 231]
Event: 7.451 Thread 0x0000020f4f592000 Exception <a 'java/lang/ClassNotFoundException'{0x000000070bdca0b0}: org/springframework/beans/factory/AwareCustomizer> (0x000000070bdca0b0) thrown at [./src/hotspot/share/classfile/systemDictionary.cpp, line 231]
Event: 7.587 Thread 0x0000020f4f592000 Implicit null exception at 0x0000020f3943ade1 to 0x0000020f3943b73a
Event: 8.200 Thread 0x0000020f4f592000 Exception <a 'java/lang/NoSuchMethodError'{0x00000007132955a8}: 'java.lang.Object java.lang.invoke.DirectMethodHandle$Holder.invokeInterface(java.lang.Object, java.lang.Object, java.lang.Object)'> (0x00000007132955a8) thrown at [./src/hotspot/share/interpreter/linkResolver.cpp, line 773]
Event: 8.200 Thread 0x0000020f4f592000 Exception <a 'java/lang/IncompatibleClassChangeError'{0x0000000713298530}: Found class java.lang.Object, but interface was expected> (0x0000000713298530) thrown at [./src/hotspot/share/interpreter/linkResolver.cpp, line 839]
Event: 8.249 Thread 0x0000020f4f592000 Exception <a 'java/lang/NoSuchMethodError'{0x0000000712f1aca0}: 'int java.lang.invoke.DirectMethodHandle$Holder.invokeStaticInit(java.lang.Object, java.lang.Object, java.lang.Object, java.lang.Object)'> (0x0000000712f1aca0) thrown at [./src/hotspot/share/interpreter/linkResolver.cpp, line 773]

Events (20 events):
Event: 8.456 loading class com/zaxxer/hikari/pool/ProxyLeakTask
Event: 8.456 loading class com/zaxxer/hikari/pool/ProxyLeakTask done
Event: 8.457 loading class reactor/netty/resources/ConnectionProvider
Event: 8.457 loading class reactor/netty/resources/ConnectionProvider done
Event: 8.457 loading class reactor/netty/resources/ConnectionProvider
Event: 8.457 loading class reactor/netty/resources/ConnectionProvider done
Event: 8.457 loading class com/zaxxer/hikari/pool/ProxyLeakTask$1
Event: 8.457 loading class com/zaxxer/hikari/pool/ProxyLeakTask$1 done
Event: 8.457 loading class reactor/netty/resources/LoopResources
Event: 8.457 loading class reactor/netty/resources/LoopResources done
Event: 8.457 loading class reactor/netty/resources/LoopResources
Event: 8.457 loading class reactor/netty/resources/LoopResources done
Event: 8.457 loading class com/zaxxer/hikari/pool/ProxyFactory
Event: 8.457 loading class com/zaxxer/hikari/pool/ProxyFactory done
Event: 8.458 loading class com/zaxxer/hikari/pool/ProxyConnection
Event: 8.458 loading class com/zaxxer/hikari/pool/ProxyConnection done
Event: 8.460 loading class com/zaxxer/hikari/pool/HikariProxyConnection
Event: 8.460 loading class com/zaxxer/hikari/pool/HikariProxyConnection done
Event: 8.461 loading class org/postgresql/jdbc/PgDatabaseMetaData
Event: 8.461 loading class org/postgresql/jdbc/PgDatabaseMetaData done


Dynamic libraries:
0x00007ff67be60000 - 0x00007ff67be6d000 	D:\jdk11.0.7_10\bin\javaw.exe
0x00007ffb20010000 - 0x00007ffb20205000 	C:\WINDOWS\SYSTEM32\ntdll.dll
0x00007ffafaf60000 - 0x00007ffafaf73000 	C:\Program Files\AVAST Software\Avast\aswhook.dll
0x00007ffb1fd10000 - 0x00007ffb1fdce000 	C:\WINDOWS\System32\KERNEL32.DLL
0x00007ffb1d9c0000 - 0x00007ffb1dc88000 	C:\WINDOWS\System32\KERNELBASE.dll
0x00007ffb1df20000 - 0x00007ffb1e020000 	C:\WINDOWS\System32\ucrtbase.dll
0x00007ffb15240000 - 0x00007ffb15257000 	D:\jdk11.0.7_10\bin\jli.dll
0x00007ffb1fdd0000 - 0x00007ffb1ff70000 	C:\WINDOWS\System32\USER32.dll
0x00007ffb1dc90000 - 0x00007ffb1dcb2000 	C:\WINDOWS\System32\win32u.dll
0x00007ffb1ef80000 - 0x00007ffb1efab000 	C:\WINDOWS\System32\GDI32.dll
0x00007ffb1d730000 - 0x00007ffb1d83b000 	C:\WINDOWS\System32\gdi32full.dll
0x00007ffb1d870000 - 0x00007ffb1d90d000 	C:\WINDOWS\System32\msvcp_win.dll
0x00007ffb10990000 - 0x00007ffb109a5000 	D:\jdk11.0.7_10\bin\VCRUNTIME140.dll
0x00007ffb02f30000 - 0x00007ffb031ca000 	C:\WINDOWS\WinSxS\amd64_microsoft.windows.common-controls_6595b64144ccf1df_6.0.19041.1110_none_60b5254171f9507e\COMCTL32.dll
0x00007ffb1efb0000 - 0x00007ffb1f04e000 	C:\WINDOWS\System32\msvcrt.dll
0x00007ffb1fa90000 - 0x00007ffb1fac0000 	C:\WINDOWS\System32\IMM32.DLL
0x00007ffaf43c0000 - 0x00007ffaf445b000 	D:\jdk11.0.7_10\bin\msvcp140.dll
0x00007ffaa54f0000 - 0x00007ffaa5fac000 	D:\jdk11.0.7_10\bin\server\jvm.dll
0x00007ffb1f9e0000 - 0x00007ffb1fa8e000 	C:\WINDOWS\System32\ADVAPI32.dll
0x00007ffb1fac0000 - 0x00007ffb1fb5c000 	C:\WINDOWS\System32\sechost.dll
0x00007ffb1f570000 - 0x00007ffb1f695000 	C:\WINDOWS\System32\RPCRT4.dll
0x00007ffb1f200000 - 0x00007ffb1f208000 	C:\WINDOWS\System32\PSAPI.DLL
0x00007ffb0d090000 - 0x00007ffb0d099000 	C:\WINDOWS\SYSTEM32\WSOCK32.dll
0x00007ffb1fc40000 - 0x00007ffb1fcab000 	C:\WINDOWS\System32\WS2_32.dll
0x00007ffafea90000 - 0x00007ffafeab7000 	C:\WINDOWS\SYSTEM32\WINMM.dll
0x00007ffb16bb0000 - 0x00007ffb16bba000 	C:\WINDOWS\SYSTEM32\VERSION.dll
0x00007ffb1b640000 - 0x00007ffb1b652000 	C:\WINDOWS\SYSTEM32\kernel.appcore.dll
0x00007ffb156c0000 - 0x00007ffb156d0000 	D:\jdk11.0.7_10\bin\verify.dll
0x00007ffb164e0000 - 0x00007ffb166c4000 	C:\WINDOWS\SYSTEM32\DBGHELP.DLL
0x00007ffb16340000 - 0x00007ffb1636c000 	C:\WINDOWS\SYSTEM32\dbgcore.DLL
0x00007ffb1de20000 - 0x00007ffb1dea2000 	C:\WINDOWS\System32\bcryptPrimitives.dll
0x00007ffb05c10000 - 0x00007ffb05c38000 	D:\jdk11.0.7_10\bin\java.dll
0x00007ffb04180000 - 0x00007ffb041b8000 	D:\jdk11.0.7_10\bin\jdwp.dll
0x00007ffb112a0000 - 0x00007ffb112ae000 	D:\jdk11.0.7_10\bin\instrument.dll
0x00007ffb07a90000 - 0x00007ffb07aa6000 	D:\jdk11.0.7_10\bin\zip.dll
0x00007ffb11190000 - 0x00007ffb1119a000 	D:\jdk11.0.7_10\bin\jimage.dll
0x00007ffb1e3a0000 - 0x00007ffb1eae4000 	C:\WINDOWS\System32\SHELL32.dll
0x00007ffb1b840000 - 0x00007ffb1bfd4000 	C:\WINDOWS\SYSTEM32\windows.storage.dll
0x00007ffb1f210000 - 0x00007ffb1f564000 	C:\WINDOWS\System32\combase.dll
0x00007ffb1d0c0000 - 0x00007ffb1d0ec000 	C:\WINDOWS\SYSTEM32\Wldp.dll
0x00007ffb1f920000 - 0x00007ffb1f9cd000 	C:\WINDOWS\System32\SHCORE.dll
0x00007ffb1e290000 - 0x00007ffb1e2e5000 	C:\WINDOWS\System32\shlwapi.dll
0x00007ffb1d670000 - 0x00007ffb1d68f000 	C:\WINDOWS\SYSTEM32\profapi.dll
0x00007ffb097c0000 - 0x00007ffb097ca000 	D:\jdk11.0.7_10\bin\dt_socket.dll
0x00007ffb1ce20000 - 0x00007ffb1ce8a000 	C:\WINDOWS\System32\mswsock.dll
0x00007ffb1cb50000 - 0x00007ffb1cc1a000 	C:\WINDOWS\SYSTEM32\DNSAPI.dll
0x00007ffb1cb10000 - 0x00007ffb1cb4b000 	C:\WINDOWS\SYSTEM32\IPHLPAPI.DLL
0x00007ffb1f9d0000 - 0x00007ffb1f9d8000 	C:\WINDOWS\System32\NSI.dll
0x00007ffb15b30000 - 0x00007ffb15baf000 	C:\WINDOWS\System32\fwpuclnt.dll
0x00007ffb1d840000 - 0x00007ffb1d867000 	C:\WINDOWS\System32\bcrypt.dll
0x00007ffb159b0000 - 0x00007ffb159ba000 	C:\Windows\System32\rasadhlp.dll
0x00007ffb074f0000 - 0x00007ffb07509000 	D:\jdk11.0.7_10\bin\net.dll
0x00007ffb192c0000 - 0x00007ffb193c9000 	C:\WINDOWS\SYSTEM32\WINHTTP.dll
0x00007ffb04ff0000 - 0x00007ffb05002000 	D:\jdk11.0.7_10\bin\nio.dll
0x00007ffb091b0000 - 0x00007ffb091b9000 	D:\jdk11.0.7_10\bin\management.dll
0x00007ffb07a00000 - 0x00007ffb07a0b000 	D:\jdk11.0.7_10\bin\management_ext.dll
0x00007ffb0a240000 - 0x00007ffb0a257000 	C:\WINDOWS\system32\napinsp.dll
0x00007ffb0a220000 - 0x00007ffb0a23b000 	C:\WINDOWS\system32\pnrpnsp.dll
0x00007ffb09ef0000 - 0x00007ffb09f05000 	C:\WINDOWS\system32\wshbth.dll
0x00007ffb182f0000 - 0x00007ffb1830d000 	C:\WINDOWS\system32\NLAapi.dll
0x00007ffb09ed0000 - 0x00007ffb09ee2000 	C:\WINDOWS\System32\winrnr.dll
0x00007ffb1d020000 - 0x00007ffb1d038000 	C:\WINDOWS\SYSTEM32\CRYPTSP.dll
0x00007ffb1c7a0000 - 0x00007ffb1c7d4000 	C:\WINDOWS\system32\rsaenh.dll
0x00007ffb1d5f0000 - 0x00007ffb1d61e000 	C:\WINDOWS\SYSTEM32\USERENV.dll
0x00007ffb1d010000 - 0x00007ffb1d01c000 	C:\WINDOWS\SYSTEM32\CRYPTBASE.dll
0x00007ffb17410000 - 0x00007ffb17427000 	C:\WINDOWS\SYSTEM32\dhcpcsvc6.DLL
0x00007ffb17e20000 - 0x00007ffb17e3d000 	C:\WINDOWS\SYSTEM32\dhcpcsvc.DLL

dbghelp: loaded successfully - version: 4.0.5 - missing functions: none
symbol engine: initialized successfully - sym options: 0x614 - pdb path: .;D:\jdk11.0.7_10\bin;C:\WINDOWS\SYSTEM32;C:\Program Files\AVAST Software\Avast;C:\WINDOWS\WinSxS\amd64_microsoft.windows.common-controls_6595b64144ccf1df_6.0.19041.1110_none_60b5254171f9507e;D:\jdk11.0.7_10\bin\server

VM Arguments:
jvm_args: -agentlib:jdwp=transport=dt_socket,suspend=y,address=localhost:20918 -javaagent:C:\Program Files (x86)\eclipse-java-2021-03-R-win32-x86_64\eclipse\configuration\org.eclipse.osgi\222\0\.cp\lib\javaagent-shaded.jar -Dfile.encoding=UTF-8 
java_command: com.mimorphism.mangotracko.MangotrackoApplication
java_class_path (initial): F:\mangotracko_workspace\mangotracko.zip_expanded\mangotracko\target\classes;C:\Program Files (x86)\eclipse-java-2021-03-R-win32-x86_64\eclipse\plugins\org.junit_4.13.0.v20200204-1500.jar;C:\Program Files (x86)\eclipse-java-2021-03-R-win32-x86_64\eclipse\plugins\org.hamcrest.core_1.3.0.v20180420-1519.jar;C:\Users\meddie\.m2\repository\org\springframework\boot\spring-boot-starter-web\2.3.4.RELEASE\spring-boot-starter-web-2.3.4.RELEASE.jar;C:\Users\meddie\.m2\repository\org\springframework\boot\spring-boot-starter-json\2.3.4.RELEASE\spring-boot-starter-json-2.3.4.RELEASE.jar;C:\Users\meddie\.m2\repository\com\fasterxml\jackson\core\jackson-databind\2.11.2\jackson-databind-2.11.2.jar;C:\Users\meddie\.m2\repository\com\fasterxml\jackson\datatype\jackson-datatype-jsr310\2.11.2\jackson-datatype-jsr310-2.11.2.jar;C:\Users\meddie\.m2\repository\com\fasterxml\jackson\module\jackson-module-parameter-names\2.11.2\jackson-module-parameter-names-2.11.2.jar;C:\Users\meddie\.m2\repository\org\springframework\boot\spring-boot-starter-tomcat\2.3.4.RELEASE\spring-boot-starter-tomcat-2.3.4.RELEASE.jar;C:\Users\meddie\.m2\repository\org\apache\tomcat\embed\tomcat-embed-core\9.0.38\tomcat-embed-core-9.0.38.jar;C:\Users\meddie\.m2\repository\org\glassfish\jakarta.el\3.0.3\jakarta.el-3.0.3.jar;C:\Users\meddie\.m2\repository\org\apache\tomcat\embed\tomcat-embed-websocket\9.0.38\tomcat-embed-websocket-9.0.38.jar;C:\Users\meddie\.m2\repository\org\springframework\spring-web\5.2.9.RELEASE\spring-web-5.2.9.RELEASE.jar;C:\Users\meddie\.m2\repository\org\springframework\spring-webmvc\5.2.9.RELEASE\spring-webmvc-5.2.9.RELEASE.jar;C:\Users\meddie\.m2\repository\org\springframework\boot\spring-boot-starter\2.3.4.RELEASE\spring-boot-starter-2.3.4.RELEASE.jar;C:\Users\meddie\.m2\repository\org\springframework\boot\spring-boot\2.3.4.RELEASE\spring-boot-2.3.4.RELEASE.jar;C:\Users\meddie\.m2\repository\org\springframework\boot\spring-boot-autoconfigure\2.3.4.RELEASE\spring-b
Launcher Type: SUN_STANDARD

[Global flags]
     intx CICompilerCount                          = 4                                         {product} {ergonomic}
     uint ConcGCThreads                            = 2                                         {product} {ergonomic}
     uint G1ConcRefinementThreads                  = 8                                         {product} {ergonomic}
   size_t G1HeapRegionSize                         = 1048576                                   {product} {ergonomic}
    uintx GCDrainStackTargetSize                   = 64                                        {product} {ergonomic}
   size_t InitialHeapSize                          = 266338304                                 {product} {ergonomic}
   size_t MarkStackSize                            = 4194304                                   {product} {ergonomic}
   size_t MaxHeapSize                              = 4259315712                                {product} {ergonomic}
   size_t MaxNewSize                               = 2555379712                                {product} {ergonomic}
   size_t MinHeapDeltaBytes                        = 1048576                                   {product} {ergonomic}
    uintx NonNMethodCodeHeapSize                   = 5836300                                {pd product} {ergonomic}
    uintx NonProfiledCodeHeapSize                  = 122910970                              {pd product} {ergonomic}
    uintx ProfiledCodeHeapSize                     = 122910970                              {pd product} {ergonomic}
    uintx ReservedCodeCacheSize                    = 251658240                              {pd product} {ergonomic}
     bool SegmentedCodeCache                       = true                                      {product} {ergonomic}
     bool UseCompressedClassPointers               = true                                 {lp64_product} {ergonomic}
     bool UseCompressedOops                        = true                                 {lp64_product} {ergonomic}
     bool UseG1GC                                  = true                                      {product} {ergonomic}
     bool UseLargePagesIndividualAllocation        = false                                  {pd product} {ergonomic}

Logging:
Log output configuration:
 #0: stdout all=warning uptime,level,tags
 #1: stderr all=off uptime,level,tags

Environment Variables:
JAVA_HOME=D:\jdk11.0.7_10
PATH=C:/Program Files (x86)/eclipse-java-2021-03-R-win32-x86_64/eclipse//plugins/org.eclipse.justj.openjdk.hotspot.jre.full.win32.x86_64_15.0.2.v20210201-0955/jre/bin/server;C:/Program Files (x86)/eclipse-java-2021-03-R-win32-x86_64/eclipse//plugins/org.eclipse.justj.openjdk.hotspot.jre.full.win32.x86_64_15.0.2.v20210201-0955/jre/bin;D:\jdk11.0.7_10\bin;C:\Windows\system32;C:\Windows;C:\Windows\system32\wbem;C:\Program Files (x86)\Intel\iCLS Client;C:\Program Files\Intel\iCLS Client;C:\Windows\System32\WindowsPowerShell\v1.0;C:\Program Files\Intel\Intel(R) Management Engine Components\DAL;C:\Program Files\Intel\Intel(R) Management Engine Components\IPT;C:\Program Files (x86)\Intel\Intel(R) Management Engine Components\DAL;C:\Program Files (x86)\Intel\Intel(R) Management Engine Components\IPT;C:\Program Files\Microsoft SQL Server\110\Tools\Binn\;C:\Program Files\Microsoft\Web Platform Installer\;C:\Program Files (x86)\Microsoft ASP.NET\ASP.NET Web Pages\v1.0\;C:\Program Files (x86)\Microsoft SQL Server\100\Tools\Binn\;C:\Program Files\Microsoft SQL Server\100\Tools\Binn\;C:\Program Files\Microsoft SQL Server\100\DTS\Binn\;C:\Program Files\Microsoft SQL Server\130\Tools\Binn\;C:\WINDOWS\system32;C:\WINDOWS;C:\WINDOWS\System32\Wbem;C:\WINDOWS\System32\WindowsPowerShell\v1.0\;C:\WINDOWS\System32\OpenSSH\;C:\Program Files (x86)\NVIDIA Corporation\PhysX\Common;h:\Program Files\Git\cmd;H:\sonar-scanner\sonar-scanner-3.3.0.1492-windows\bin;C:\Program Files\TortoiseSVN\bin;C:\WINDOWS\system32;C:\WINDOWS;C:\WINDOWS\System32\Wbem;C:\WINDOWS\System32\WindowsPowerShell\v1.0\;C:\WINDOWS\System32\OpenSSH\;C:\Program Files\Git\cmd;C:\Program Files\Microsoft SQL Server\Client SDK\ODBC\170\Tools\Binn\;C:\Program Files (x86)\Microsoft SQL Server\150\Tools\Binn\;C:\Program Files\Microsoft SQL Server\150\Tools\Binn\;C:\Program Files\Microsoft SQL Server\150\DTS\Binn\;D:\maven\apache-maven-3.6.3\bin;C:\Program Files\dotnet\;C:\Program Files\nodejs\;C:\ProgramData\chocolatey\bin;C:\Program F
USERNAME=meddie
OS=Windows_NT
PROCESSOR_IDENTIFIER=Intel64 Family 6 Model 60 Stepping 3, GenuineIntel



---------------  S Y S T E M  ---------------

OS: Windows 10 , 64 bit Build 19041 (10.0.19041.1566)
OS uptime: 13 days 23:02 hours

CPU:total 8 (initial active 8) (4 cores per cpu, 2 threads per core) family 6 model 60 stepping 3, cmov, cx8, fxsr, mmx, sse, sse2, sse3, ssse3, sse4.1, sse4.2, popcnt, avx, avx2, aes, clmul, erms, lzcnt, ht, tsc, tscinvbit, bmi1, bmi2, fma

Memory: 4k page, system-wide physical 16244M (4574M free)
TotalPageFile size 21652M (AvailPageFile size 0M)
current process WorkingSet (physical memory assigned to process): 545M, peak: 545M
current process commit charge ("private bytes"): 687M, peak: 687M

vm_info: OpenJDK 64-Bit Server VM (11.0.7+10-LTS) for windows-amd64 JRE (11.0.7+10-LTS), built on Apr 10 2020 08:08:39 by "Administrator" with MS VC++ 15.9 (VS2017)

END.
